PROCESSING [/home/rkrivak/p2rank-data-dna/conservation/fasta_all/1H9TA.pdb.gz.seq.fasta]
LOG: /home/rkrivak/p2rank-data-dna/conservation/e5i1/log/1H9TA.pdb.gz.seq.fasta.log
+ source local-setenv.sh
++ PSIBLAST_DIR=/home/rkrivak/conservation/conservation-workbench/ncbi-blast/bin
++ CDHIT_DIR=/home/rkrivak/conservation/conservation-workbench/cd-hit
++ MUSCLE_DIR=/home/rkrivak/conservation/conservation-workbench
++ JSD_DIR=/home/rkrivak/conservation/conservation-workbench/conservation_code
++ PYTHON_CMD=python
++ BLASTDB_DIR=/mnt/ramdisk/blastdb
++ PSIBLAST_THREADS=4
++ export PATH=/home/rkrivak/conservation/conservation-workbench/ncbi-blast/bin:/home/rkrivak/conservation/conservation-workbench/cd-hit:/home/rkrivak/conservation/conservation-workbench:/home/rkrivak/bin:/home/rkrivak/.local/bin:/usr/local/sbin:/usr/local/bin:/usr/sbin:/usr/bin:/sbin:/bin:/usr/games:/usr/local/games:/snap/bin:/usr/lib/jvm/java-8-oracle/bin:/usr/lib/jvm/java-8-oracle/db/bin:/usr/lib/jvm/java-8-oracle/jre/bin
++ PATH=/home/rkrivak/conservation/conservation-workbench/ncbi-blast/bin:/home/rkrivak/conservation/conservation-workbench/cd-hit:/home/rkrivak/conservation/conservation-workbench:/home/rkrivak/bin:/home/rkrivak/.local/bin:/usr/local/sbin:/usr/local/bin:/usr/sbin:/usr/bin:/sbin:/bin:/usr/games:/usr/local/games:/snap/bin:/usr/lib/jvm/java-8-oracle/bin:/usr/lib/jvm/java-8-oracle/db/bin:/usr/lib/jvm/java-8-oracle/jre/bin
++ export JSD_DIR=/home/rkrivak/conservation/conservation-workbench/conservation_code
++ JSD_DIR=/home/rkrivak/conservation/conservation-workbench/conservation_code
++ export BLASTDB=/mnt/ramdisk/blastdb
++ BLASTDB=/mnt/ramdisk/blastdb
++ export PYTHON_CMD=python
++ PYTHON_CMD=python
++ export PSIBLAST_THREADS=4
++ PSIBLAST_THREADS=4
+ file=/home/rkrivak/p2rank-data-dna/conservation/fasta_all/1H9TA.pdb.gz.seq.fasta
+ outdir=/home/rkrivak/p2rank-data-dna/conservation/e5i1
+ psiblast_evalue=0.00001
+ psiblast_iterations=1
+ mkdir -p /home/rkrivak/p2rank-data-dna/conservation/e5i1/alignments
+ mkdir -p /home/rkrivak/p2rank-data-dna/conservation/e5i1/scores
++ basename /home/rkrivak/p2rank-data-dna/conservation/fasta_all/1H9TA.pdb.gz.seq.fasta
+ file_base=1H9TA.pdb.gz.seq.fasta
+ alignments_file=/home/rkrivak/p2rank-data-dna/conservation/e5i1/alignments/1H9TA.pdb.gz.seq.fasta.ali
+ scores_file=/home/rkrivak/p2rank-data-dna/conservation/e5i1/scores/1H9TA.pdb.gz.seq.fasta.hom.gz
++ tempfile
+ blastResFile=/tmp/file5qmzx6
++ tempfile
+ blastSeq=/tmp/fileP3AJS6
++ tempfile
+ modifiedInputFile=/tmp/fileoaxQE1
++ tempfile
+ muscleResultFile=/tmp/fileMIGJZ1
++ tempfile
+ conservationExtractorInput=/tmp/filepxybi0
+ MUSCLE_OPTS='-quiet -maxiters 4 -diags -sv -distance1 kbit20_3'
+ search swissprot
+ db=swissprot
+ psiblast -db swissprot -outfmt '6 sallseqid qcovs pident' -evalue 0.00001 -num_threads 4 -num_iterations 1
+ tee /home/rkrivak/p2rank-data-dna/conservation/e5i1/alignments/1H9TA.pdb.gz.seq.fasta.ali
+ ./filter.awk
+ blastdbcmd -db swissprot -entry_batch /tmp/file5qmzx6
+ cd-hit -i /tmp/fileP3AJS6 -o /tmp/file5qmzx6
================================================================
Program: CD-HIT, V4.7 (+OpenMP), Mar 23 2018, 15:56:04
Command: cd-hit -i /tmp/fileP3AJS6 -o /tmp/file5qmzx6

Started: Wed Aug 12 06:17:19 2020
================================================================
                            Output                              
----------------------------------------------------------------
total seq: 47
longest and shortest : 279 and 238
Total letters: 11485
Sequences have been sorted

Approximated minimal memory consumption:
Sequence        : 0M
Buffer          : 1 X 10M = 10M
Table           : 1 X 65M = 65M
Miscellaneous   : 0M
Total           : 75M

Table limit with the given memory limit:
Max number of representatives: 2134192
Max number of word counting entries: 90510818

comparing sequences from          0  to         47

       47  finished         19  clusters

Apprixmated maximum memory consumption: 75M
writing new database
writing clustering information
program completed !

Total CPU time 0.11
++ grep '^>'
++ wc -l
+ numSeq=19
+ echo Found 19 sequences in swissprot
Found 19 sequences in swissprot
++ grep '^>'
++ wc -l
+ numSeq=19
+ '[' 0 = 0 ']'
+ search uniref90
+ db=uniref90
+ psiblast -db uniref90 -outfmt '6 sallseqid qcovs pident' -evalue 0.00001 -num_threads 4 -num_iterations 1
+ tee /home/rkrivak/p2rank-data-dna/conservation/e5i1/alignments/1H9TA.pdb.gz.seq.fasta.ali
+ ./filter.awk
+ blastdbcmd -db uniref90 -entry_batch /tmp/file5qmzx6
+ cd-hit -i /tmp/fileP3AJS6 -o /tmp/file5qmzx6
================================================================
Program: CD-HIT, V4.7 (+OpenMP), Mar 23 2018, 15:56:04
Command: cd-hit -i /tmp/fileP3AJS6 -o /tmp/file5qmzx6

Started: Wed Aug 12 06:22:56 2020
================================================================
                            Output                              
----------------------------------------------------------------
total seq: 367
longest and shortest : 288 and 189
Total letters: 90020
Sequences have been sorted

Approximated minimal memory consumption:
Sequence        : 0M
Buffer          : 1 X 10M = 10M
Table           : 1 X 65M = 65M
Miscellaneous   : 0M
Total           : 76M

Table limit with the given memory limit:
Max number of representatives: 2133733
Max number of word counting entries: 90493778

comparing sequences from          0  to        367

      367  finished        348  clusters

Apprixmated maximum memory consumption: 76M
writing new database
writing clustering information
program completed !

Total CPU time 0.17
++ grep '^>'
++ wc -l
+ numSeq=348
+ echo Found 348 sequences in uniref90
Found 348 sequences in uniref90
+ sed 's/^>/>query_sekvence|/'
+ cat /tmp/file5qmzx6 /tmp/fileoaxQE1
+ muscle -quiet -maxiters 4 -diags -sv -distance1 kbit20_3
+ awk -f sortMuscleOutput.awk
+ cd /home/rkrivak/conservation/conservation-workbench/conservation_code
+ python /home/rkrivak/conservation/conservation-workbench/conservation_code/score_conservation.py /tmp/filepxybi0
+ gzip -9
+ rm /tmp/fileMIGJZ1
+ rm /tmp/fileoaxQE1
+ rm /tmp/fileP3AJS6
+ rm /tmp/file5qmzx6
TIME: 6 min 40 s
DONE
