PROCESSING [/home/rkrivak/p2rank-data-dna/conservation/fasta_all/1LAUE.pdb.gz.seq.fasta]
LOG: /home/rkrivak/p2rank-data-dna/conservation/e5i1/log/1LAUE.pdb.gz.seq.fasta.log
+ source local-setenv.sh
++ PSIBLAST_DIR=/home/rkrivak/conservation/conservation-workbench/ncbi-blast/bin
++ CDHIT_DIR=/home/rkrivak/conservation/conservation-workbench/cd-hit
++ MUSCLE_DIR=/home/rkrivak/conservation/conservation-workbench
++ JSD_DIR=/home/rkrivak/conservation/conservation-workbench/conservation_code
++ PYTHON_CMD=python
++ BLASTDB_DIR=/mnt/ramdisk/blastdb
++ PSIBLAST_THREADS=4
++ export PATH=/home/rkrivak/conservation/conservation-workbench/ncbi-blast/bin:/home/rkrivak/conservation/conservation-workbench/cd-hit:/home/rkrivak/conservation/conservation-workbench:/home/rkrivak/bin:/home/rkrivak/.local/bin:/usr/local/sbin:/usr/local/bin:/usr/sbin:/usr/bin:/sbin:/bin:/usr/games:/usr/local/games:/snap/bin:/usr/lib/jvm/java-8-oracle/bin:/usr/lib/jvm/java-8-oracle/db/bin:/usr/lib/jvm/java-8-oracle/jre/bin
++ PATH=/home/rkrivak/conservation/conservation-workbench/ncbi-blast/bin:/home/rkrivak/conservation/conservation-workbench/cd-hit:/home/rkrivak/conservation/conservation-workbench:/home/rkrivak/bin:/home/rkrivak/.local/bin:/usr/local/sbin:/usr/local/bin:/usr/sbin:/usr/bin:/sbin:/bin:/usr/games:/usr/local/games:/snap/bin:/usr/lib/jvm/java-8-oracle/bin:/usr/lib/jvm/java-8-oracle/db/bin:/usr/lib/jvm/java-8-oracle/jre/bin
++ export JSD_DIR=/home/rkrivak/conservation/conservation-workbench/conservation_code
++ JSD_DIR=/home/rkrivak/conservation/conservation-workbench/conservation_code
++ export BLASTDB=/mnt/ramdisk/blastdb
++ BLASTDB=/mnt/ramdisk/blastdb
++ export PYTHON_CMD=python
++ PYTHON_CMD=python
++ export PSIBLAST_THREADS=4
++ PSIBLAST_THREADS=4
+ file=/home/rkrivak/p2rank-data-dna/conservation/fasta_all/1LAUE.pdb.gz.seq.fasta
+ outdir=/home/rkrivak/p2rank-data-dna/conservation/e5i1
+ psiblast_evalue=0.00001
+ psiblast_iterations=1
+ mkdir -p /home/rkrivak/p2rank-data-dna/conservation/e5i1/alignments
+ mkdir -p /home/rkrivak/p2rank-data-dna/conservation/e5i1/scores
++ basename /home/rkrivak/p2rank-data-dna/conservation/fasta_all/1LAUE.pdb.gz.seq.fasta
+ file_base=1LAUE.pdb.gz.seq.fasta
+ alignments_file=/home/rkrivak/p2rank-data-dna/conservation/e5i1/alignments/1LAUE.pdb.gz.seq.fasta.ali
+ scores_file=/home/rkrivak/p2rank-data-dna/conservation/e5i1/scores/1LAUE.pdb.gz.seq.fasta.hom.gz
++ tempfile
+ blastResFile=/tmp/filehYiGbb
++ tempfile
+ blastSeq=/tmp/file78x81e
++ tempfile
+ modifiedInputFile=/tmp/fileFT6lOf
++ tempfile
+ muscleResultFile=/tmp/fileEMkvHf
++ tempfile
+ conservationExtractorInput=/tmp/fileSVUemj
+ MUSCLE_OPTS='-quiet -maxiters 4 -diags -sv -distance1 kbit20_3'
+ search swissprot
+ db=swissprot
+ ./filter.awk
+ tee /home/rkrivak/p2rank-data-dna/conservation/e5i1/alignments/1LAUE.pdb.gz.seq.fasta.ali
+ psiblast -db swissprot -outfmt '6 sallseqid qcovs pident' -evalue 0.00001 -num_threads 4 -num_iterations 1
+ blastdbcmd -db swissprot -entry_batch /tmp/filehYiGbb
+ cd-hit -i /tmp/file78x81e -o /tmp/filehYiGbb
================================================================
Program: CD-HIT, V4.7 (+OpenMP), Mar 23 2018, 15:56:04
Command: cd-hit -i /tmp/file78x81e -o /tmp/filehYiGbb

Started: Wed Aug 12 03:01:49 2020
================================================================
                            Output                              
----------------------------------------------------------------
total seq: 396
longest and shortest : 370 and 204
Total letters: 91605
Sequences have been sorted

Approximated minimal memory consumption:
Sequence        : 0M
Buffer          : 1 X 10M = 10M
Table           : 1 X 65M = 65M
Miscellaneous   : 0M
Total           : 76M

Table limit with the given memory limit:
Max number of representatives: 2204618
Max number of word counting entries: 90491309

comparing sequences from          0  to        396

      396  finished        179  clusters

Apprixmated maximum memory consumption: 76M
writing new database
writing clustering information
program completed !

Total CPU time 0.13
++ grep '^>'
++ wc -l
+ numSeq=179
+ echo Found 179 sequences in swissprot
Found 179 sequences in swissprot
++ grep '^>'
++ wc -l
+ numSeq=179
+ '[' 1 = 0 ']'
+ sed 's/^>/>query_sekvence|/'
+ muscle -quiet -maxiters 4 -diags -sv -distance1 kbit20_3
+ cat /tmp/filehYiGbb /tmp/fileFT6lOf
+ awk -f sortMuscleOutput.awk
+ cd /home/rkrivak/conservation/conservation-workbench/conservation_code
+ gzip -9
+ python /home/rkrivak/conservation/conservation-workbench/conservation_code/score_conservation.py /tmp/fileSVUemj
+ rm /tmp/fileEMkvHf
+ rm /tmp/fileFT6lOf
+ rm /tmp/file78x81e
+ rm /tmp/filehYiGbb
TIME: 30 s
DONE
