PROCESSING [/home/rkrivak/p2rank-data-dna/conservation/fasta_all/1UAAB.pdb.gz.seq.fasta]
LOG: /home/rkrivak/p2rank-data-dna/conservation/e5i1/log/1UAAB.pdb.gz.seq.fasta.log
+ source local-setenv.sh
++ PSIBLAST_DIR=/home/rkrivak/conservation/conservation-workbench/ncbi-blast/bin
++ CDHIT_DIR=/home/rkrivak/conservation/conservation-workbench/cd-hit
++ MUSCLE_DIR=/home/rkrivak/conservation/conservation-workbench
++ JSD_DIR=/home/rkrivak/conservation/conservation-workbench/conservation_code
++ PYTHON_CMD=python
++ BLASTDB_DIR=/mnt/ramdisk/blastdb
++ PSIBLAST_THREADS=4
++ export PATH=/home/rkrivak/conservation/conservation-workbench/ncbi-blast/bin:/home/rkrivak/conservation/conservation-workbench/cd-hit:/home/rkrivak/conservation/conservation-workbench:/home/rkrivak/bin:/home/rkrivak/.local/bin:/usr/local/sbin:/usr/local/bin:/usr/sbin:/usr/bin:/sbin:/bin:/usr/games:/usr/local/games:/snap/bin:/usr/lib/jvm/java-8-oracle/bin:/usr/lib/jvm/java-8-oracle/db/bin:/usr/lib/jvm/java-8-oracle/jre/bin
++ PATH=/home/rkrivak/conservation/conservation-workbench/ncbi-blast/bin:/home/rkrivak/conservation/conservation-workbench/cd-hit:/home/rkrivak/conservation/conservation-workbench:/home/rkrivak/bin:/home/rkrivak/.local/bin:/usr/local/sbin:/usr/local/bin:/usr/sbin:/usr/bin:/sbin:/bin:/usr/games:/usr/local/games:/snap/bin:/usr/lib/jvm/java-8-oracle/bin:/usr/lib/jvm/java-8-oracle/db/bin:/usr/lib/jvm/java-8-oracle/jre/bin
++ export JSD_DIR=/home/rkrivak/conservation/conservation-workbench/conservation_code
++ JSD_DIR=/home/rkrivak/conservation/conservation-workbench/conservation_code
++ export BLASTDB=/mnt/ramdisk/blastdb
++ BLASTDB=/mnt/ramdisk/blastdb
++ export PYTHON_CMD=python
++ PYTHON_CMD=python
++ export PSIBLAST_THREADS=4
++ PSIBLAST_THREADS=4
+ file=/home/rkrivak/p2rank-data-dna/conservation/fasta_all/1UAAB.pdb.gz.seq.fasta
+ outdir=/home/rkrivak/p2rank-data-dna/conservation/e5i1
+ psiblast_evalue=0.00001
+ psiblast_iterations=1
+ mkdir -p /home/rkrivak/p2rank-data-dna/conservation/e5i1/alignments
+ mkdir -p /home/rkrivak/p2rank-data-dna/conservation/e5i1/scores
++ basename /home/rkrivak/p2rank-data-dna/conservation/fasta_all/1UAAB.pdb.gz.seq.fasta
+ file_base=1UAAB.pdb.gz.seq.fasta
+ alignments_file=/home/rkrivak/p2rank-data-dna/conservation/e5i1/alignments/1UAAB.pdb.gz.seq.fasta.ali
+ scores_file=/home/rkrivak/p2rank-data-dna/conservation/e5i1/scores/1UAAB.pdb.gz.seq.fasta.hom.gz
++ tempfile
+ blastResFile=/tmp/filelZaVWQ
++ tempfile
+ blastSeq=/tmp/fileG9h9NU
++ tempfile
+ modifiedInputFile=/tmp/filejgm9HT
++ tempfile
+ muscleResultFile=/tmp/fileasEhEW
++ tempfile
+ conservationExtractorInput=/tmp/filelp7JUV
+ MUSCLE_OPTS='-quiet -maxiters 4 -diags -sv -distance1 kbit20_3'
+ search swissprot
+ db=swissprot
+ ./filter.awk
+ tee /home/rkrivak/p2rank-data-dna/conservation/e5i1/alignments/1UAAB.pdb.gz.seq.fasta.ali
+ psiblast -db swissprot -outfmt '6 sallseqid qcovs pident' -evalue 0.00001 -num_threads 4 -num_iterations 1
+ blastdbcmd -db swissprot -entry_batch /tmp/filelZaVWQ
+ cd-hit -i /tmp/fileG9h9NU -o /tmp/filelZaVWQ
================================================================
Program: CD-HIT, V4.7 (+OpenMP), Mar 23 2018, 15:56:04
Command: cd-hit -i /tmp/fileG9h9NU -o /tmp/filelZaVWQ

Started: Wed Aug 12 01:40:09 2020
================================================================
                            Output                              
----------------------------------------------------------------
total seq: 87
longest and shortest : 1392 and 645
Total letters: 88427
Sequences have been sorted

Approximated minimal memory consumption:
Sequence        : 0M
Buffer          : 1 X 10M = 10M
Table           : 1 X 65M = 65M
Miscellaneous   : 0M
Total           : 76M

Table limit with the given memory limit:
Max number of representatives: 548976
Max number of word counting entries: 90470765

comparing sequences from          0  to         87

       87  finished         45  clusters

Apprixmated maximum memory consumption: 76M
writing new database
writing clustering information
program completed !

Total CPU time 0.15
++ grep '^>'
++ wc -l
+ numSeq=45
+ echo Found 45 sequences in swissprot
Found 45 sequences in swissprot
++ wc -l
++ grep '^>'
+ numSeq=45
+ '[' 0 = 0 ']'
+ search uniref90
+ db=uniref90
+ tee /home/rkrivak/p2rank-data-dna/conservation/e5i1/alignments/1UAAB.pdb.gz.seq.fasta.ali
+ psiblast -db uniref90 -outfmt '6 sallseqid qcovs pident' -evalue 0.00001 -num_threads 4 -num_iterations 1
+ ./filter.awk
+ blastdbcmd -db uniref90 -entry_batch /tmp/filelZaVWQ
+ cd-hit -i /tmp/fileG9h9NU -o /tmp/filelZaVWQ
================================================================
Program: CD-HIT, V4.7 (+OpenMP), Mar 23 2018, 15:56:04
Command: cd-hit -i /tmp/fileG9h9NU -o /tmp/filelZaVWQ

Started: Wed Aug 12 01:50:49 2020
================================================================
                            Output                              
----------------------------------------------------------------
total seq: 491
longest and shortest : 834 and 506
Total letters: 329807
Sequences have been sorted

Approximated minimal memory consumption:
Sequence        : 0M
Buffer          : 1 X 10M = 10M
Table           : 1 X 65M = 65M
Miscellaneous   : 0M
Total           : 76M

Table limit with the given memory limit:
Max number of representatives: 937471
Max number of word counting entries: 90446547

comparing sequences from          0  to        491

      491  finished        455  clusters

Apprixmated maximum memory consumption: 78M
writing new database
writing clustering information
program completed !

Total CPU time 0.37
++ grep '^>'
++ wc -l
+ numSeq=455
+ echo Found 455 sequences in uniref90
Found 455 sequences in uniref90
+ sed 's/^>/>query_sekvence|/'
+ cat /tmp/filelZaVWQ /tmp/filejgm9HT
+ muscle -quiet -maxiters 4 -diags -sv -distance1 kbit20_3
+ awk -f sortMuscleOutput.awk
+ cd /home/rkrivak/conservation/conservation-workbench/conservation_code
+ python /home/rkrivak/conservation/conservation-workbench/conservation_code/score_conservation.py /tmp/filelp7JUV
+ gzip -9
+ rm /tmp/fileasEhEW
+ rm /tmp/filejgm9HT
+ rm /tmp/fileG9h9NU
+ rm /tmp/filelZaVWQ
TIME: 16 min 17 s
DONE
