PROCESSING [/home/rkrivak/p2rank-data-dna/conservation/fasta_all/1Z63A.pdb.gz.seq.fasta]
LOG: /home/rkrivak/p2rank-data-dna/conservation/e5i1/log/1Z63A.pdb.gz.seq.fasta.log
+ source local-setenv.sh
++ PSIBLAST_DIR=/home/rkrivak/conservation/conservation-workbench/ncbi-blast/bin
++ CDHIT_DIR=/home/rkrivak/conservation/conservation-workbench/cd-hit
++ MUSCLE_DIR=/home/rkrivak/conservation/conservation-workbench
++ JSD_DIR=/home/rkrivak/conservation/conservation-workbench/conservation_code
++ PYTHON_CMD=python
++ BLASTDB_DIR=/mnt/ramdisk/blastdb
++ PSIBLAST_THREADS=4
++ export PATH=/home/rkrivak/conservation/conservation-workbench/ncbi-blast/bin:/home/rkrivak/conservation/conservation-workbench/cd-hit:/home/rkrivak/conservation/conservation-workbench:/home/rkrivak/bin:/home/rkrivak/.local/bin:/usr/local/sbin:/usr/local/bin:/usr/sbin:/usr/bin:/sbin:/bin:/usr/games:/usr/local/games:/snap/bin:/usr/lib/jvm/java-8-oracle/bin:/usr/lib/jvm/java-8-oracle/db/bin:/usr/lib/jvm/java-8-oracle/jre/bin
++ PATH=/home/rkrivak/conservation/conservation-workbench/ncbi-blast/bin:/home/rkrivak/conservation/conservation-workbench/cd-hit:/home/rkrivak/conservation/conservation-workbench:/home/rkrivak/bin:/home/rkrivak/.local/bin:/usr/local/sbin:/usr/local/bin:/usr/sbin:/usr/bin:/sbin:/bin:/usr/games:/usr/local/games:/snap/bin:/usr/lib/jvm/java-8-oracle/bin:/usr/lib/jvm/java-8-oracle/db/bin:/usr/lib/jvm/java-8-oracle/jre/bin
++ export JSD_DIR=/home/rkrivak/conservation/conservation-workbench/conservation_code
++ JSD_DIR=/home/rkrivak/conservation/conservation-workbench/conservation_code
++ export BLASTDB=/mnt/ramdisk/blastdb
++ BLASTDB=/mnt/ramdisk/blastdb
++ export PYTHON_CMD=python
++ PYTHON_CMD=python
++ export PSIBLAST_THREADS=4
++ PSIBLAST_THREADS=4
+ file=/home/rkrivak/p2rank-data-dna/conservation/fasta_all/1Z63A.pdb.gz.seq.fasta
+ outdir=/home/rkrivak/p2rank-data-dna/conservation/e5i1
+ psiblast_evalue=0.00001
+ psiblast_iterations=1
+ mkdir -p /home/rkrivak/p2rank-data-dna/conservation/e5i1/alignments
+ mkdir -p /home/rkrivak/p2rank-data-dna/conservation/e5i1/scores
++ basename /home/rkrivak/p2rank-data-dna/conservation/fasta_all/1Z63A.pdb.gz.seq.fasta
+ file_base=1Z63A.pdb.gz.seq.fasta
+ alignments_file=/home/rkrivak/p2rank-data-dna/conservation/e5i1/alignments/1Z63A.pdb.gz.seq.fasta.ali
+ scores_file=/home/rkrivak/p2rank-data-dna/conservation/e5i1/scores/1Z63A.pdb.gz.seq.fasta.hom.gz
++ tempfile
+ blastResFile=/tmp/filedm488Y
++ tempfile
+ blastSeq=/tmp/filemTfSnX
++ tempfile
+ modifiedInputFile=/tmp/fileKSDXS1
++ tempfile
+ muscleResultFile=/tmp/filemCwH7Z
++ tempfile
+ conservationExtractorInput=/tmp/fileD4w5u0
+ MUSCLE_OPTS='-quiet -maxiters 4 -diags -sv -distance1 kbit20_3'
+ search swissprot
+ db=swissprot
+ psiblast -db swissprot -outfmt '6 sallseqid qcovs pident' -evalue 0.00001 -num_threads 4 -num_iterations 1
+ tee /home/rkrivak/p2rank-data-dna/conservation/e5i1/alignments/1Z63A.pdb.gz.seq.fasta.ali
+ ./filter.awk
+ blastdbcmd -db swissprot -entry_batch /tmp/filedm488Y
+ cd-hit -i /tmp/filemTfSnX -o /tmp/filedm488Y
================================================================
Program: CD-HIT, V4.7 (+OpenMP), Mar 23 2018, 15:56:04
Command: cd-hit -i /tmp/filemTfSnX -o /tmp/filedm488Y

Started: Wed Aug 12 01:37:32 2020
================================================================
                            Output                              
----------------------------------------------------------------
total seq: 171
longest and shortest : 3230 and 764
Total letters: 250225
Sequences have been sorted

Approximated minimal memory consumption:
Sequence        : 0M
Buffer          : 1 X 11M = 11M
Table           : 1 X 65M = 65M
Miscellaneous   : 0M
Total           : 76M

Table limit with the given memory limit:
Max number of representatives: 430929
Max number of word counting entries: 90399904

comparing sequences from          0  to        171

      171  finished        112  clusters

Apprixmated maximum memory consumption: 78M
writing new database
writing clustering information
program completed !

Total CPU time 0.21
++ wc -l
++ grep '^>'
+ numSeq=112
+ echo Found 112 sequences in swissprot
Found 112 sequences in swissprot
++ wc -l
++ grep '^>'
+ numSeq=112
+ '[' 1 = 0 ']'
+ sed 's/^>/>query_sekvence|/'
+ cat /tmp/filedm488Y /tmp/fileKSDXS1
+ muscle -quiet -maxiters 4 -diags -sv -distance1 kbit20_3
+ awk -f sortMuscleOutput.awk
+ cd /home/rkrivak/conservation/conservation-workbench/conservation_code
+ python /home/rkrivak/conservation/conservation-workbench/conservation_code/score_conservation.py /tmp/fileD4w5u0
+ gzip -9
+ rm /tmp/filemCwH7Z
+ rm /tmp/fileKSDXS1
+ rm /tmp/filemTfSnX
+ rm /tmp/filedm488Y
TIME: 4 min 51 s
DONE
