PROCESSING [/home/rkrivak/p2rank-data-dna/conservation/fasta_all/2JX1A.pdb.gz.seq.fasta]
LOG: /home/rkrivak/p2rank-data-dna/conservation/e5i1/log/2JX1A.pdb.gz.seq.fasta.log
+ source local-setenv.sh
++ PSIBLAST_DIR=/home/rkrivak/conservation/conservation-workbench/ncbi-blast/bin
++ CDHIT_DIR=/home/rkrivak/conservation/conservation-workbench/cd-hit
++ MUSCLE_DIR=/home/rkrivak/conservation/conservation-workbench
++ JSD_DIR=/home/rkrivak/conservation/conservation-workbench/conservation_code
++ PYTHON_CMD=python
++ BLASTDB_DIR=/mnt/ramdisk/blastdb
++ PSIBLAST_THREADS=4
++ export PATH=/home/rkrivak/conservation/conservation-workbench/ncbi-blast/bin:/home/rkrivak/conservation/conservation-workbench/cd-hit:/home/rkrivak/conservation/conservation-workbench:/home/rkrivak/bin:/home/rkrivak/.local/bin:/usr/local/sbin:/usr/local/bin:/usr/sbin:/usr/bin:/sbin:/bin:/usr/games:/usr/local/games:/snap/bin:/usr/lib/jvm/java-8-oracle/bin:/usr/lib/jvm/java-8-oracle/db/bin:/usr/lib/jvm/java-8-oracle/jre/bin
++ PATH=/home/rkrivak/conservation/conservation-workbench/ncbi-blast/bin:/home/rkrivak/conservation/conservation-workbench/cd-hit:/home/rkrivak/conservation/conservation-workbench:/home/rkrivak/bin:/home/rkrivak/.local/bin:/usr/local/sbin:/usr/local/bin:/usr/sbin:/usr/bin:/sbin:/bin:/usr/games:/usr/local/games:/snap/bin:/usr/lib/jvm/java-8-oracle/bin:/usr/lib/jvm/java-8-oracle/db/bin:/usr/lib/jvm/java-8-oracle/jre/bin
++ export JSD_DIR=/home/rkrivak/conservation/conservation-workbench/conservation_code
++ JSD_DIR=/home/rkrivak/conservation/conservation-workbench/conservation_code
++ export BLASTDB=/mnt/ramdisk/blastdb
++ BLASTDB=/mnt/ramdisk/blastdb
++ export PYTHON_CMD=python
++ PYTHON_CMD=python
++ export PSIBLAST_THREADS=4
++ PSIBLAST_THREADS=4
+ file=/home/rkrivak/p2rank-data-dna/conservation/fasta_all/2JX1A.pdb.gz.seq.fasta
+ outdir=/home/rkrivak/p2rank-data-dna/conservation/e5i1
+ psiblast_evalue=0.00001
+ psiblast_iterations=1
+ mkdir -p /home/rkrivak/p2rank-data-dna/conservation/e5i1/alignments
+ mkdir -p /home/rkrivak/p2rank-data-dna/conservation/e5i1/scores
++ basename /home/rkrivak/p2rank-data-dna/conservation/fasta_all/2JX1A.pdb.gz.seq.fasta
+ file_base=2JX1A.pdb.gz.seq.fasta
+ alignments_file=/home/rkrivak/p2rank-data-dna/conservation/e5i1/alignments/2JX1A.pdb.gz.seq.fasta.ali
+ scores_file=/home/rkrivak/p2rank-data-dna/conservation/e5i1/scores/2JX1A.pdb.gz.seq.fasta.hom.gz
++ tempfile
+ blastResFile=/tmp/filegeKXOh
++ tempfile
+ blastSeq=/tmp/fileycq9qi
++ tempfile
+ modifiedInputFile=/tmp/filewRR3Vk
++ tempfile
+ muscleResultFile=/tmp/fileRTnwTn
++ tempfile
+ conservationExtractorInput=/tmp/fileruYkwo
+ MUSCLE_OPTS='-quiet -maxiters 4 -diags -sv -distance1 kbit20_3'
+ search swissprot
+ db=swissprot
+ ./filter.awk
+ tee /home/rkrivak/p2rank-data-dna/conservation/e5i1/alignments/2JX1A.pdb.gz.seq.fasta.ali
+ psiblast -db swissprot -outfmt '6 sallseqid qcovs pident' -evalue 0.00001 -num_threads 4 -num_iterations 1
+ blastdbcmd -db swissprot -entry_batch /tmp/filegeKXOh
+ cd-hit -i /tmp/fileycq9qi -o /tmp/filegeKXOh
================================================================
Program: CD-HIT, V4.7 (+OpenMP), Mar 23 2018, 15:56:04
Command: cd-hit -i /tmp/fileycq9qi -o /tmp/filegeKXOh

Started: Wed Aug 12 08:07:54 2020
================================================================
                            Output                              
----------------------------------------------------------------
total seq: 57
longest and shortest : 1187 and 611
Total letters: 60729
Sequences have been sorted

Approximated minimal memory consumption:
Sequence        : 0M
Buffer          : 1 X 10M = 10M
Table           : 1 X 65M = 65M
Miscellaneous   : 0M
Total           : 76M

Table limit with the given memory limit:
Max number of representatives: 592251
Max number of word counting entries: 90480285

comparing sequences from          0  to         57

       57  finished          9  clusters

Apprixmated maximum memory consumption: 76M
writing new database
writing clustering information
program completed !

Total CPU time 0.14
++ wc -l
++ grep '^>'
+ numSeq=9
+ echo Found 9 sequences in swissprot
Found 9 sequences in swissprot
++ grep '^>'
++ wc -l
+ numSeq=9
+ '[' 0 = 0 ']'
+ search uniref90
+ db=uniref90
+ ./filter.awk
+ tee /home/rkrivak/p2rank-data-dna/conservation/e5i1/alignments/2JX1A.pdb.gz.seq.fasta.ali
+ psiblast -db uniref90 -outfmt '6 sallseqid qcovs pident' -evalue 0.00001 -num_threads 4 -num_iterations 1
+ blastdbcmd -db uniref90 -entry_batch /tmp/filegeKXOh
+ cd-hit -i /tmp/fileycq9qi -o /tmp/filegeKXOh
================================================================
Program: CD-HIT, V4.7 (+OpenMP), Mar 23 2018, 15:56:04
Command: cd-hit -i /tmp/fileycq9qi -o /tmp/filegeKXOh

Started: Wed Aug 12 08:10:04 2020
================================================================
                            Output                              
----------------------------------------------------------------
total seq: 2274
longest and shortest : 1959 and 93
Total letters: 2493789
Sequences have been sorted

Approximated minimal memory consumption:
Sequence        : 2M
Buffer          : 1 X 10M = 10M
Table           : 1 X 65M = 65M
Miscellaneous   : 0M
Total           : 79M

Table limit with the given memory limit:
Max number of representatives: 572584
Max number of word counting entries: 90107528

comparing sequences from          0  to       2274
..
     2274  finished        424  clusters

Apprixmated maximum memory consumption: 82M
writing new database
writing clustering information
program completed !

Total CPU time 6.06
++ wc -l
++ grep '^>'
+ numSeq=424
+ echo Found 424 sequences in uniref90
Found 424 sequences in uniref90
+ sed 's/^>/>query_sekvence|/'
+ muscle -quiet -maxiters 4 -diags -sv -distance1 kbit20_3
+ cat /tmp/filegeKXOh /tmp/filewRR3Vk
+ awk -f sortMuscleOutput.awk
+ cd /home/rkrivak/conservation/conservation-workbench/conservation_code
+ python /home/rkrivak/conservation/conservation-workbench/conservation_code/score_conservation.py /tmp/fileruYkwo
+ gzip -9
+ rm /tmp/fileRTnwTn
+ rm /tmp/filewRR3Vk
+ rm /tmp/fileycq9qi
+ rm /tmp/filegeKXOh
TIME: 56 min 37 s
DONE
