PROCESSING [/home/rkrivak/p2rank-data-dna/conservation/fasta_all/2O8KA.pdb.gz.seq.fasta]
LOG: /home/rkrivak/p2rank-data-dna/conservation/e5i1/log/2O8KA.pdb.gz.seq.fasta.log
+ source local-setenv.sh
++ PSIBLAST_DIR=/home/rkrivak/conservation/conservation-workbench/ncbi-blast/bin
++ CDHIT_DIR=/home/rkrivak/conservation/conservation-workbench/cd-hit
++ MUSCLE_DIR=/home/rkrivak/conservation/conservation-workbench
++ JSD_DIR=/home/rkrivak/conservation/conservation-workbench/conservation_code
++ PYTHON_CMD=python
++ BLASTDB_DIR=/mnt/ramdisk/blastdb
++ PSIBLAST_THREADS=4
++ export PATH=/home/rkrivak/conservation/conservation-workbench/ncbi-blast/bin:/home/rkrivak/conservation/conservation-workbench/cd-hit:/home/rkrivak/conservation/conservation-workbench:/home/rkrivak/bin:/home/rkrivak/.local/bin:/usr/local/sbin:/usr/local/bin:/usr/sbin:/usr/bin:/sbin:/bin:/usr/games:/usr/local/games:/snap/bin:/usr/lib/jvm/java-8-oracle/bin:/usr/lib/jvm/java-8-oracle/db/bin:/usr/lib/jvm/java-8-oracle/jre/bin
++ PATH=/home/rkrivak/conservation/conservation-workbench/ncbi-blast/bin:/home/rkrivak/conservation/conservation-workbench/cd-hit:/home/rkrivak/conservation/conservation-workbench:/home/rkrivak/bin:/home/rkrivak/.local/bin:/usr/local/sbin:/usr/local/bin:/usr/sbin:/usr/bin:/sbin:/bin:/usr/games:/usr/local/games:/snap/bin:/usr/lib/jvm/java-8-oracle/bin:/usr/lib/jvm/java-8-oracle/db/bin:/usr/lib/jvm/java-8-oracle/jre/bin
++ export JSD_DIR=/home/rkrivak/conservation/conservation-workbench/conservation_code
++ JSD_DIR=/home/rkrivak/conservation/conservation-workbench/conservation_code
++ export BLASTDB=/mnt/ramdisk/blastdb
++ BLASTDB=/mnt/ramdisk/blastdb
++ export PYTHON_CMD=python
++ PYTHON_CMD=python
++ export PSIBLAST_THREADS=4
++ PSIBLAST_THREADS=4
+ file=/home/rkrivak/p2rank-data-dna/conservation/fasta_all/2O8KA.pdb.gz.seq.fasta
+ outdir=/home/rkrivak/p2rank-data-dna/conservation/e5i1
+ psiblast_evalue=0.00001
+ psiblast_iterations=1
+ mkdir -p /home/rkrivak/p2rank-data-dna/conservation/e5i1/alignments
+ mkdir -p /home/rkrivak/p2rank-data-dna/conservation/e5i1/scores
++ basename /home/rkrivak/p2rank-data-dna/conservation/fasta_all/2O8KA.pdb.gz.seq.fasta
+ file_base=2O8KA.pdb.gz.seq.fasta
+ alignments_file=/home/rkrivak/p2rank-data-dna/conservation/e5i1/alignments/2O8KA.pdb.gz.seq.fasta.ali
+ scores_file=/home/rkrivak/p2rank-data-dna/conservation/e5i1/scores/2O8KA.pdb.gz.seq.fasta.hom.gz
++ tempfile
+ blastResFile=/tmp/fileCN9Pfb
++ tempfile
+ blastSeq=/tmp/fileqQwbTb
++ tempfile
+ modifiedInputFile=/tmp/fileUh3fEa
++ tempfile
+ muscleResultFile=/tmp/fileHEPrrd
++ tempfile
+ conservationExtractorInput=/tmp/fileVFIW1d
+ MUSCLE_OPTS='-quiet -maxiters 4 -diags -sv -distance1 kbit20_3'
+ search swissprot
+ db=swissprot
+ psiblast -db swissprot -outfmt '6 sallseqid qcovs pident' -evalue 0.00001 -num_threads 4 -num_iterations 1
+ tee /home/rkrivak/p2rank-data-dna/conservation/e5i1/alignments/2O8KA.pdb.gz.seq.fasta.ali
+ ./filter.awk
+ blastdbcmd -db swissprot -entry_batch /tmp/fileCN9Pfb
+ cd-hit -i /tmp/fileqQwbTb -o /tmp/fileCN9Pfb
================================================================
Program: CD-HIT, V4.7 (+OpenMP), Mar 23 2018, 15:56:04
Command: cd-hit -i /tmp/fileqQwbTb -o /tmp/fileCN9Pfb

Started: Wed Aug 12 07:43:45 2020
================================================================
                            Output                              
----------------------------------------------------------------
total seq: 25
longest and shortest : 537 and 426
Total letters: 12086
Sequences have been sorted

Approximated minimal memory consumption:
Sequence        : 0M
Buffer          : 1 X 10M = 10M
Table           : 1 X 65M = 65M
Miscellaneous   : 0M
Total           : 75M

Table limit with the given memory limit:
Max number of representatives: 1221922
Max number of word counting entries: 90504320

comparing sequences from          0  to         25

       25  finished         22  clusters

Apprixmated maximum memory consumption: 76M
writing new database
writing clustering information
program completed !

Total CPU time 0.11
++ grep '^>'
++ wc -l
+ numSeq=22
+ echo Found 22 sequences in swissprot
Found 22 sequences in swissprot
++ wc -l
++ grep '^>'
+ numSeq=22
+ '[' 0 = 0 ']'
+ search uniref90
+ db=uniref90
+ psiblast -db uniref90 -outfmt '6 sallseqid qcovs pident' -evalue 0.00001 -num_threads 4 -num_iterations 1
+ tee /home/rkrivak/p2rank-data-dna/conservation/e5i1/alignments/2O8KA.pdb.gz.seq.fasta.ali
+ ./filter.awk
+ blastdbcmd -db uniref90 -entry_batch /tmp/fileCN9Pfb
+ cd-hit -i /tmp/fileqQwbTb -o /tmp/fileCN9Pfb
================================================================
Program: CD-HIT, V4.7 (+OpenMP), Mar 23 2018, 15:56:04
Command: cd-hit -i /tmp/fileqQwbTb -o /tmp/fileCN9Pfb

Started: Wed Aug 12 07:45:54 2020
================================================================
                            Output                              
----------------------------------------------------------------
total seq: 489
longest and shortest : 583 and 55
Total letters: 227899
Sequences have been sorted

Approximated minimal memory consumption:
Sequence        : 0M
Buffer          : 1 X 10M = 10M
Table           : 1 X 65M = 65M
Miscellaneous   : 0M
Total           : 76M

Table limit with the given memory limit:
Max number of representatives: 1235910
Max number of word counting entries: 90466005

comparing sequences from          0  to        489

      489  finished        473  clusters

Apprixmated maximum memory consumption: 78M
writing new database
writing clustering information
program completed !

Total CPU time 0.25
++ grep '^>'
++ wc -l
+ numSeq=473
+ echo Found 473 sequences in uniref90
Found 473 sequences in uniref90
+ sed 's/^>/>query_sekvence|/'
+ muscle -quiet -maxiters 4 -diags -sv -distance1 kbit20_3
+ cat /tmp/fileCN9Pfb /tmp/fileUh3fEa
+ awk -f sortMuscleOutput.awk
+ cd /home/rkrivak/conservation/conservation-workbench/conservation_code
+ gzip -9
+ python /home/rkrivak/conservation/conservation-workbench/conservation_code/score_conservation.py /tmp/fileVFIW1d
+ rm /tmp/fileHEPrrd
+ rm /tmp/fileUh3fEa
+ rm /tmp/fileqQwbTb
+ rm /tmp/fileCN9Pfb
TIME: 7 min 47 s
DONE
