PROCESSING [/home/rkrivak/p2rank-data-dna/conservation/fasta_all/2WWYB.pdb.gz.seq.fasta]
LOG: /home/rkrivak/p2rank-data-dna/conservation/e5i1/log/2WWYB.pdb.gz.seq.fasta.log
+ source local-setenv.sh
++ PSIBLAST_DIR=/home/rkrivak/conservation/conservation-workbench/ncbi-blast/bin
++ CDHIT_DIR=/home/rkrivak/conservation/conservation-workbench/cd-hit
++ MUSCLE_DIR=/home/rkrivak/conservation/conservation-workbench
++ JSD_DIR=/home/rkrivak/conservation/conservation-workbench/conservation_code
++ PYTHON_CMD=python
++ BLASTDB_DIR=/mnt/ramdisk/blastdb
++ PSIBLAST_THREADS=4
++ export PATH=/home/rkrivak/conservation/conservation-workbench/ncbi-blast/bin:/home/rkrivak/conservation/conservation-workbench/cd-hit:/home/rkrivak/conservation/conservation-workbench:/home/rkrivak/bin:/home/rkrivak/.local/bin:/usr/local/sbin:/usr/local/bin:/usr/sbin:/usr/bin:/sbin:/bin:/usr/games:/usr/local/games:/snap/bin:/usr/lib/jvm/java-8-oracle/bin:/usr/lib/jvm/java-8-oracle/db/bin:/usr/lib/jvm/java-8-oracle/jre/bin
++ PATH=/home/rkrivak/conservation/conservation-workbench/ncbi-blast/bin:/home/rkrivak/conservation/conservation-workbench/cd-hit:/home/rkrivak/conservation/conservation-workbench:/home/rkrivak/bin:/home/rkrivak/.local/bin:/usr/local/sbin:/usr/local/bin:/usr/sbin:/usr/bin:/sbin:/bin:/usr/games:/usr/local/games:/snap/bin:/usr/lib/jvm/java-8-oracle/bin:/usr/lib/jvm/java-8-oracle/db/bin:/usr/lib/jvm/java-8-oracle/jre/bin
++ export JSD_DIR=/home/rkrivak/conservation/conservation-workbench/conservation_code
++ JSD_DIR=/home/rkrivak/conservation/conservation-workbench/conservation_code
++ export BLASTDB=/mnt/ramdisk/blastdb
++ BLASTDB=/mnt/ramdisk/blastdb
++ export PYTHON_CMD=python
++ PYTHON_CMD=python
++ export PSIBLAST_THREADS=4
++ PSIBLAST_THREADS=4
+ file=/home/rkrivak/p2rank-data-dna/conservation/fasta_all/2WWYB.pdb.gz.seq.fasta
+ outdir=/home/rkrivak/p2rank-data-dna/conservation/e5i1
+ psiblast_evalue=0.00001
+ psiblast_iterations=1
+ mkdir -p /home/rkrivak/p2rank-data-dna/conservation/e5i1/alignments
+ mkdir -p /home/rkrivak/p2rank-data-dna/conservation/e5i1/scores
++ basename /home/rkrivak/p2rank-data-dna/conservation/fasta_all/2WWYB.pdb.gz.seq.fasta
+ file_base=2WWYB.pdb.gz.seq.fasta
+ alignments_file=/home/rkrivak/p2rank-data-dna/conservation/e5i1/alignments/2WWYB.pdb.gz.seq.fasta.ali
+ scores_file=/home/rkrivak/p2rank-data-dna/conservation/e5i1/scores/2WWYB.pdb.gz.seq.fasta.hom.gz
++ tempfile
+ blastResFile=/tmp/fileA2E4lT
++ tempfile
+ blastSeq=/tmp/filev1ZOsX
++ tempfile
+ modifiedInputFile=/tmp/filec5puWW
++ tempfile
+ muscleResultFile=/tmp/filevuLYxX
++ tempfile
+ conservationExtractorInput=/tmp/fileRIk2KW
+ MUSCLE_OPTS='-quiet -maxiters 4 -diags -sv -distance1 kbit20_3'
+ search swissprot
+ db=swissprot
+ psiblast -db swissprot -outfmt '6 sallseqid qcovs pident' -evalue 0.00001 -num_threads 4 -num_iterations 1
+ tee /home/rkrivak/p2rank-data-dna/conservation/e5i1/alignments/2WWYB.pdb.gz.seq.fasta.ali
+ ./filter.awk
+ blastdbcmd -db swissprot -entry_batch /tmp/fileA2E4lT
+ cd-hit -i /tmp/filev1ZOsX -o /tmp/fileA2E4lT
================================================================
Program: CD-HIT, V4.7 (+OpenMP), Mar 23 2018, 15:56:04
Command: cd-hit -i /tmp/filev1ZOsX -o /tmp/fileA2E4lT

Started: Wed Aug 12 03:21:35 2020
================================================================
                            Output                              
----------------------------------------------------------------
total seq: 17
longest and shortest : 1487 and 618
Total letters: 18355
Sequences have been sorted

Approximated minimal memory consumption:
Sequence        : 0M
Buffer          : 1 X 10M = 10M
Table           : 1 X 65M = 65M
Miscellaneous   : 0M
Total           : 76M

Table limit with the given memory limit:
Max number of representatives: 506354
Max number of word counting entries: 90478403

comparing sequences from          0  to         17

       17  finished         16  clusters

Apprixmated maximum memory consumption: 76M
writing new database
writing clustering information
program completed !

Total CPU time 0.11
++ grep '^>'
++ wc -l
+ numSeq=16
+ echo Found 16 sequences in swissprot
Found 16 sequences in swissprot
++ grep '^>'
++ wc -l
+ numSeq=16
+ '[' 0 = 0 ']'
+ search uniref90
+ db=uniref90
+ psiblast -db uniref90 -outfmt '6 sallseqid qcovs pident' -evalue 0.00001 -num_threads 4 -num_iterations 1
+ tee /home/rkrivak/p2rank-data-dna/conservation/e5i1/alignments/2WWYB.pdb.gz.seq.fasta.ali
+ ./filter.awk
+ blastdbcmd -db uniref90 -entry_batch /tmp/fileA2E4lT
+ cd-hit -i /tmp/filev1ZOsX -o /tmp/fileA2E4lT
================================================================
Program: CD-HIT, V4.7 (+OpenMP), Mar 23 2018, 15:56:04
Command: cd-hit -i /tmp/filev1ZOsX -o /tmp/fileA2E4lT

Started: Wed Aug 12 03:32:19 2020
================================================================
                            Output                              
----------------------------------------------------------------
total seq: 468
longest and shortest : 1901 and 444
Total letters: 349134
Sequences have been sorted

Approximated minimal memory consumption:
Sequence        : 0M
Buffer          : 1 X 10M = 10M
Table           : 1 X 65M = 65M
Miscellaneous   : 0M
Total           : 76M

Table limit with the given memory limit:
Max number of representatives: 911107
Max number of word counting entries: 90416189

comparing sequences from          0  to        468

      468  finished        417  clusters

Apprixmated maximum memory consumption: 79M
writing new database
writing clustering information
program completed !

Total CPU time 0.36
++ wc -l
++ grep '^>'
+ numSeq=417
+ echo Found 417 sequences in uniref90
Found 417 sequences in uniref90
+ sed 's/^>/>query_sekvence|/'
+ cat /tmp/fileA2E4lT /tmp/filec5puWW
+ muscle -quiet -maxiters 4 -diags -sv -distance1 kbit20_3
+ awk -f sortMuscleOutput.awk
+ cd /home/rkrivak/conservation/conservation-workbench/conservation_code
+ gzip -9
+ python /home/rkrivak/conservation/conservation-workbench/conservation_code/score_conservation.py /tmp/fileRIk2KW
+ rm /tmp/filevuLYxX
+ rm /tmp/filec5puWW
+ rm /tmp/filev1ZOsX
+ rm /tmp/fileA2E4lT
TIME: 31 min 51 s
DONE
