PROCESSING [/home/rkrivak/p2rank-data-dna/conservation/fasta_all/3D2WA.pdb.gz.seq.fasta]
LOG: /home/rkrivak/p2rank-data-dna/conservation/e5i1/log/3D2WA.pdb.gz.seq.fasta.log
+ source local-setenv.sh
++ PSIBLAST_DIR=/home/rkrivak/conservation/conservation-workbench/ncbi-blast/bin
++ CDHIT_DIR=/home/rkrivak/conservation/conservation-workbench/cd-hit
++ MUSCLE_DIR=/home/rkrivak/conservation/conservation-workbench
++ JSD_DIR=/home/rkrivak/conservation/conservation-workbench/conservation_code
++ PYTHON_CMD=python
++ BLASTDB_DIR=/mnt/ramdisk/blastdb
++ PSIBLAST_THREADS=4
++ export PATH=/home/rkrivak/conservation/conservation-workbench/ncbi-blast/bin:/home/rkrivak/conservation/conservation-workbench/cd-hit:/home/rkrivak/conservation/conservation-workbench:/home/rkrivak/bin:/home/rkrivak/.local/bin:/usr/local/sbin:/usr/local/bin:/usr/sbin:/usr/bin:/sbin:/bin:/usr/games:/usr/local/games:/snap/bin:/usr/lib/jvm/java-8-oracle/bin:/usr/lib/jvm/java-8-oracle/db/bin:/usr/lib/jvm/java-8-oracle/jre/bin
++ PATH=/home/rkrivak/conservation/conservation-workbench/ncbi-blast/bin:/home/rkrivak/conservation/conservation-workbench/cd-hit:/home/rkrivak/conservation/conservation-workbench:/home/rkrivak/bin:/home/rkrivak/.local/bin:/usr/local/sbin:/usr/local/bin:/usr/sbin:/usr/bin:/sbin:/bin:/usr/games:/usr/local/games:/snap/bin:/usr/lib/jvm/java-8-oracle/bin:/usr/lib/jvm/java-8-oracle/db/bin:/usr/lib/jvm/java-8-oracle/jre/bin
++ export JSD_DIR=/home/rkrivak/conservation/conservation-workbench/conservation_code
++ JSD_DIR=/home/rkrivak/conservation/conservation-workbench/conservation_code
++ export BLASTDB=/mnt/ramdisk/blastdb
++ BLASTDB=/mnt/ramdisk/blastdb
++ export PYTHON_CMD=python
++ PYTHON_CMD=python
++ export PSIBLAST_THREADS=4
++ PSIBLAST_THREADS=4
+ file=/home/rkrivak/p2rank-data-dna/conservation/fasta_all/3D2WA.pdb.gz.seq.fasta
+ outdir=/home/rkrivak/p2rank-data-dna/conservation/e5i1
+ psiblast_evalue=0.00001
+ psiblast_iterations=1
+ mkdir -p /home/rkrivak/p2rank-data-dna/conservation/e5i1/alignments
+ mkdir -p /home/rkrivak/p2rank-data-dna/conservation/e5i1/scores
++ basename /home/rkrivak/p2rank-data-dna/conservation/fasta_all/3D2WA.pdb.gz.seq.fasta
+ file_base=3D2WA.pdb.gz.seq.fasta
+ alignments_file=/home/rkrivak/p2rank-data-dna/conservation/e5i1/alignments/3D2WA.pdb.gz.seq.fasta.ali
+ scores_file=/home/rkrivak/p2rank-data-dna/conservation/e5i1/scores/3D2WA.pdb.gz.seq.fasta.hom.gz
++ tempfile
+ blastResFile=/tmp/fileeLf0vr
++ tempfile
+ blastSeq=/tmp/fileqTc4Lq
++ tempfile
+ modifiedInputFile=/tmp/filejeCM3t
++ tempfile
+ muscleResultFile=/tmp/filer5OB8l
++ tempfile
+ conservationExtractorInput=/tmp/fileSOt29j
+ MUSCLE_OPTS='-quiet -maxiters 4 -diags -sv -distance1 kbit20_3'
+ search swissprot
+ db=swissprot
+ psiblast -db swissprot -outfmt '6 sallseqid qcovs pident' -evalue 0.00001 -num_threads 4 -num_iterations 1
+ tee /home/rkrivak/p2rank-data-dna/conservation/e5i1/alignments/3D2WA.pdb.gz.seq.fasta.ali
+ ./filter.awk
+ blastdbcmd -db swissprot -entry_batch /tmp/fileeLf0vr
+ cd-hit -i /tmp/fileqTc4Lq -o /tmp/fileeLf0vr
================================================================
Program: CD-HIT, V4.7 (+OpenMP), Mar 23 2018, 15:56:04
Command: cd-hit -i /tmp/fileqTc4Lq -o /tmp/fileeLf0vr

Started: Wed Aug 12 06:05:04 2020
================================================================
                            Output                              
----------------------------------------------------------------
total seq: 4
longest and shortest : 414 and 409
Total letters: 1651
Sequences have been sorted

Approximated minimal memory consumption:
Sequence        : 0M
Buffer          : 1 X 10M = 10M
Table           : 1 X 65M = 65M
Miscellaneous   : 0M
Total           : 75M

Table limit with the given memory limit:
Max number of representatives: 1407571
Max number of word counting entries: 90509324

comparing sequences from          0  to          4

        4  finished          3  clusters

Apprixmated maximum memory consumption: 75M
writing new database
writing clustering information
program completed !

Total CPU time 0.10
++ grep '^>'
++ wc -l
+ numSeq=3
+ echo Found 3 sequences in swissprot
Found 3 sequences in swissprot
++ wc -l
++ grep '^>'
+ numSeq=3
+ '[' 0 = 0 ']'
+ search uniref90
+ db=uniref90
+ ./filter.awk
+ tee /home/rkrivak/p2rank-data-dna/conservation/e5i1/alignments/3D2WA.pdb.gz.seq.fasta.ali
+ psiblast -db uniref90 -outfmt '6 sallseqid qcovs pident' -evalue 0.00001 -num_threads 4 -num_iterations 1
+ blastdbcmd -db uniref90 -entry_batch /tmp/fileeLf0vr
+ cd-hit -i /tmp/fileqTc4Lq -o /tmp/fileeLf0vr
================================================================
Program: CD-HIT, V4.7 (+OpenMP), Mar 23 2018, 15:56:04
Command: cd-hit -i /tmp/fileqTc4Lq -o /tmp/fileeLf0vr

Started: Wed Aug 12 06:07:28 2020
================================================================
                            Output                              
----------------------------------------------------------------
total seq: 446
longest and shortest : 1599 and 78
Total letters: 181118
Sequences have been sorted

Approximated minimal memory consumption:
Sequence        : 0M
Buffer          : 1 X 10M = 10M
Table           : 1 X 65M = 65M
Miscellaneous   : 0M
Total           : 76M

Table limit with the given memory limit:
Max number of representatives: 1384553
Max number of word counting entries: 90445782

comparing sequences from          0  to        446

      446  finished        382  clusters

Apprixmated maximum memory consumption: 77M
writing new database
writing clustering information
program completed !

Total CPU time 0.25
++ wc -l
++ grep '^>'
+ numSeq=382
+ echo Found 382 sequences in uniref90
Found 382 sequences in uniref90
+ sed 's/^>/>query_sekvence|/'
+ muscle -quiet -maxiters 4 -diags -sv -distance1 kbit20_3
+ cat /tmp/fileeLf0vr /tmp/filejeCM3t
+ awk -f sortMuscleOutput.awk
+ cd /home/rkrivak/conservation/conservation-workbench/conservation_code
+ gzip -9
+ python /home/rkrivak/conservation/conservation-workbench/conservation_code/score_conservation.py /tmp/fileSOt29j
+ rm /tmp/filer5OB8l
+ rm /tmp/filejeCM3t
+ rm /tmp/fileqTc4Lq
+ rm /tmp/fileeLf0vr
TIME: 21 min 40 s
DONE
