PROCESSING [/home/rkrivak/p2rank-data-dna/conservation/fasta_all/3DLBB.pdb.gz.seq.fasta]
LOG: /home/rkrivak/p2rank-data-dna/conservation/e5i1/log/3DLBB.pdb.gz.seq.fasta.log
+ source local-setenv.sh
++ PSIBLAST_DIR=/home/rkrivak/conservation/conservation-workbench/ncbi-blast/bin
++ CDHIT_DIR=/home/rkrivak/conservation/conservation-workbench/cd-hit
++ MUSCLE_DIR=/home/rkrivak/conservation/conservation-workbench
++ JSD_DIR=/home/rkrivak/conservation/conservation-workbench/conservation_code
++ PYTHON_CMD=python
++ BLASTDB_DIR=/mnt/ramdisk/blastdb
++ PSIBLAST_THREADS=4
++ export PATH=/home/rkrivak/conservation/conservation-workbench/ncbi-blast/bin:/home/rkrivak/conservation/conservation-workbench/cd-hit:/home/rkrivak/conservation/conservation-workbench:/home/rkrivak/bin:/home/rkrivak/.local/bin:/usr/local/sbin:/usr/local/bin:/usr/sbin:/usr/bin:/sbin:/bin:/usr/games:/usr/local/games:/snap/bin:/usr/lib/jvm/java-8-oracle/bin:/usr/lib/jvm/java-8-oracle/db/bin:/usr/lib/jvm/java-8-oracle/jre/bin
++ PATH=/home/rkrivak/conservation/conservation-workbench/ncbi-blast/bin:/home/rkrivak/conservation/conservation-workbench/cd-hit:/home/rkrivak/conservation/conservation-workbench:/home/rkrivak/bin:/home/rkrivak/.local/bin:/usr/local/sbin:/usr/local/bin:/usr/sbin:/usr/bin:/sbin:/bin:/usr/games:/usr/local/games:/snap/bin:/usr/lib/jvm/java-8-oracle/bin:/usr/lib/jvm/java-8-oracle/db/bin:/usr/lib/jvm/java-8-oracle/jre/bin
++ export JSD_DIR=/home/rkrivak/conservation/conservation-workbench/conservation_code
++ JSD_DIR=/home/rkrivak/conservation/conservation-workbench/conservation_code
++ export BLASTDB=/mnt/ramdisk/blastdb
++ BLASTDB=/mnt/ramdisk/blastdb
++ export PYTHON_CMD=python
++ PYTHON_CMD=python
++ export PSIBLAST_THREADS=4
++ PSIBLAST_THREADS=4
+ file=/home/rkrivak/p2rank-data-dna/conservation/fasta_all/3DLBB.pdb.gz.seq.fasta
+ outdir=/home/rkrivak/p2rank-data-dna/conservation/e5i1
+ psiblast_evalue=0.00001
+ psiblast_iterations=1
+ mkdir -p /home/rkrivak/p2rank-data-dna/conservation/e5i1/alignments
+ mkdir -p /home/rkrivak/p2rank-data-dna/conservation/e5i1/scores
++ basename /home/rkrivak/p2rank-data-dna/conservation/fasta_all/3DLBB.pdb.gz.seq.fasta
+ file_base=3DLBB.pdb.gz.seq.fasta
+ alignments_file=/home/rkrivak/p2rank-data-dna/conservation/e5i1/alignments/3DLBB.pdb.gz.seq.fasta.ali
+ scores_file=/home/rkrivak/p2rank-data-dna/conservation/e5i1/scores/3DLBB.pdb.gz.seq.fasta.hom.gz
++ tempfile
+ blastResFile=/tmp/filea1sNj4
++ tempfile
+ blastSeq=/tmp/fileEwDeW7
++ tempfile
+ modifiedInputFile=/tmp/fileiQGsQ7
++ tempfile
+ muscleResultFile=/tmp/fileRcxhO6
++ tempfile
+ conservationExtractorInput=/tmp/fileVYGeaa
+ MUSCLE_OPTS='-quiet -maxiters 4 -diags -sv -distance1 kbit20_3'
+ search swissprot
+ db=swissprot
+ psiblast -db swissprot -outfmt '6 sallseqid qcovs pident' -evalue 0.00001 -num_threads 4 -num_iterations 1
+ tee /home/rkrivak/p2rank-data-dna/conservation/e5i1/alignments/3DLBB.pdb.gz.seq.fasta.ali
+ ./filter.awk
+ blastdbcmd -db swissprot -entry_batch /tmp/filea1sNj4
+ cd-hit -i /tmp/fileEwDeW7 -o /tmp/filea1sNj4
================================================================
Program: CD-HIT, V4.7 (+OpenMP), Mar 23 2018, 15:56:04
Command: cd-hit -i /tmp/fileEwDeW7 -o /tmp/filea1sNj4

Started: Wed Aug 12 06:50:53 2020
================================================================
                            Output                              
----------------------------------------------------------------
total seq: 0
longest and shortest : 0 and 18446744073709551615
Total letters: 0
Sequences have been sorted

Approximated minimal memory consumption:
Sequence        : 0M
Buffer          : 1 X 10M = 10M
Table           : 1 X 65M = 65M
Miscellaneous   : 0M
Total           : 75M

Table limit with the given memory limit:
Max number of representatives: 4000000
Max number of word counting entries: 90520634


        0  finished          0  clusters

Apprixmated maximum memory consumption: 75M
writing new database
writing clustering information
program completed !

Total CPU time 0.08
++ wc -l
++ grep '^>'
+ numSeq=0
+ echo Found 0 sequences in swissprot
Found 0 sequences in swissprot
++ grep '^>'
++ wc -l
+ numSeq=0
+ '[' 0 = 0 ']'
+ search uniref90
+ db=uniref90
+ psiblast -db uniref90 -outfmt '6 sallseqid qcovs pident' -evalue 0.00001 -num_threads 4 -num_iterations 1
+ tee /home/rkrivak/p2rank-data-dna/conservation/e5i1/alignments/3DLBB.pdb.gz.seq.fasta.ali
+ ./filter.awk
+ blastdbcmd -db uniref90 -entry_batch /tmp/filea1sNj4
+ cd-hit -i /tmp/fileEwDeW7 -o /tmp/filea1sNj4
================================================================
Program: CD-HIT, V4.7 (+OpenMP), Mar 23 2018, 15:56:04
Command: cd-hit -i /tmp/fileEwDeW7 -o /tmp/filea1sNj4

Started: Wed Aug 12 07:03:13 2020
================================================================
                            Output                              
----------------------------------------------------------------
total seq: 8
longest and shortest : 724 and 689
Total letters: 5623
Sequences have been sorted

Approximated minimal memory consumption:
Sequence        : 0M
Buffer          : 1 X 10M = 10M
Table           : 1 X 65M = 65M
Miscellaneous   : 0M
Total           : 75M

Table limit with the given memory limit:
Max number of representatives: 899692
Max number of word counting entries: 90500480

comparing sequences from          0  to          8

        8  finished          8  clusters

Apprixmated maximum memory consumption: 76M
writing new database
writing clustering information
program completed !

Total CPU time 0.09
++ grep '^>'
++ wc -l
+ numSeq=8
+ echo Found 8 sequences in uniref90
Found 8 sequences in uniref90
+ sed 's/^>/>query_sekvence|/'
+ muscle -quiet -maxiters 4 -diags -sv -distance1 kbit20_3
+ cat /tmp/filea1sNj4 /tmp/fileiQGsQ7
+ awk -f sortMuscleOutput.awk
+ cd /home/rkrivak/conservation/conservation-workbench/conservation_code
+ python /home/rkrivak/conservation/conservation-workbench/conservation_code/score_conservation.py /tmp/fileVYGeaa
+ gzip -9
+ rm /tmp/fileRcxhO6
+ rm /tmp/fileiQGsQ7
+ rm /tmp/fileEwDeW7
+ rm /tmp/filea1sNj4
TIME: 12 min 28 s
DONE
