PROCESSING [/home/rkrivak/p2rank-data-dna/conservation/fasta_all/3QRFG.pdb.gz.seq.fasta]
LOG: /home/rkrivak/p2rank-data-dna/conservation/e5i1/log/3QRFG.pdb.gz.seq.fasta.log
+ source local-setenv.sh
++ PSIBLAST_DIR=/home/rkrivak/conservation/conservation-workbench/ncbi-blast/bin
++ CDHIT_DIR=/home/rkrivak/conservation/conservation-workbench/cd-hit
++ MUSCLE_DIR=/home/rkrivak/conservation/conservation-workbench
++ JSD_DIR=/home/rkrivak/conservation/conservation-workbench/conservation_code
++ PYTHON_CMD=python
++ BLASTDB_DIR=/mnt/ramdisk/blastdb
++ PSIBLAST_THREADS=4
++ export PATH=/home/rkrivak/conservation/conservation-workbench/ncbi-blast/bin:/home/rkrivak/conservation/conservation-workbench/cd-hit:/home/rkrivak/conservation/conservation-workbench:/home/rkrivak/bin:/home/rkrivak/.local/bin:/usr/local/sbin:/usr/local/bin:/usr/sbin:/usr/bin:/sbin:/bin:/usr/games:/usr/local/games:/snap/bin:/usr/lib/jvm/java-8-oracle/bin:/usr/lib/jvm/java-8-oracle/db/bin:/usr/lib/jvm/java-8-oracle/jre/bin
++ PATH=/home/rkrivak/conservation/conservation-workbench/ncbi-blast/bin:/home/rkrivak/conservation/conservation-workbench/cd-hit:/home/rkrivak/conservation/conservation-workbench:/home/rkrivak/bin:/home/rkrivak/.local/bin:/usr/local/sbin:/usr/local/bin:/usr/sbin:/usr/bin:/sbin:/bin:/usr/games:/usr/local/games:/snap/bin:/usr/lib/jvm/java-8-oracle/bin:/usr/lib/jvm/java-8-oracle/db/bin:/usr/lib/jvm/java-8-oracle/jre/bin
++ export JSD_DIR=/home/rkrivak/conservation/conservation-workbench/conservation_code
++ JSD_DIR=/home/rkrivak/conservation/conservation-workbench/conservation_code
++ export BLASTDB=/mnt/ramdisk/blastdb
++ BLASTDB=/mnt/ramdisk/blastdb
++ export PYTHON_CMD=python
++ PYTHON_CMD=python
++ export PSIBLAST_THREADS=4
++ PSIBLAST_THREADS=4
+ file=/home/rkrivak/p2rank-data-dna/conservation/fasta_all/3QRFG.pdb.gz.seq.fasta
+ outdir=/home/rkrivak/p2rank-data-dna/conservation/e5i1
+ psiblast_evalue=0.00001
+ psiblast_iterations=1
+ mkdir -p /home/rkrivak/p2rank-data-dna/conservation/e5i1/alignments
+ mkdir -p /home/rkrivak/p2rank-data-dna/conservation/e5i1/scores
++ basename /home/rkrivak/p2rank-data-dna/conservation/fasta_all/3QRFG.pdb.gz.seq.fasta
+ file_base=3QRFG.pdb.gz.seq.fasta
+ alignments_file=/home/rkrivak/p2rank-data-dna/conservation/e5i1/alignments/3QRFG.pdb.gz.seq.fasta.ali
+ scores_file=/home/rkrivak/p2rank-data-dna/conservation/e5i1/scores/3QRFG.pdb.gz.seq.fasta.hom.gz
++ tempfile
+ blastResFile=/tmp/fileSDVqnh
++ tempfile
+ blastSeq=/tmp/fileCRAhej
++ tempfile
+ modifiedInputFile=/tmp/fileoEhIAj
++ tempfile
+ muscleResultFile=/tmp/fileUKoiJl
++ tempfile
+ conservationExtractorInput=/tmp/file7GR5hm
+ MUSCLE_OPTS='-quiet -maxiters 4 -diags -sv -distance1 kbit20_3'
+ search swissprot
+ db=swissprot
+ psiblast -db swissprot -outfmt '6 sallseqid qcovs pident' -evalue 0.00001 -num_threads 4 -num_iterations 1
+ ./filter.awk
+ tee /home/rkrivak/p2rank-data-dna/conservation/e5i1/alignments/3QRFG.pdb.gz.seq.fasta.ali
+ blastdbcmd -db swissprot -entry_batch /tmp/fileSDVqnh
+ cd-hit -i /tmp/fileCRAhej -o /tmp/fileSDVqnh
================================================================
Program: CD-HIT, V4.7 (+OpenMP), Mar 23 2018, 15:56:04
Command: cd-hit -i /tmp/fileCRAhej -o /tmp/fileSDVqnh

Started: Wed Aug 12 05:52:02 2020
================================================================
                            Output                              
----------------------------------------------------------------
total seq: 246
longest and shortest : 936 and 101
Total letters: 118152
Sequences have been sorted

Approximated minimal memory consumption:
Sequence        : 0M
Buffer          : 1 X 10M = 10M
Table           : 1 X 65M = 65M
Miscellaneous   : 0M
Total           : 76M

Table limit with the given memory limit:
Max number of representatives: 1224849
Max number of word counting entries: 90475978

comparing sequences from          0  to        246

      246  finished        156  clusters

Apprixmated maximum memory consumption: 76M
writing new database
writing clustering information
program completed !

Total CPU time 0.15
++ grep '^>'
++ wc -l
+ numSeq=156
+ echo Found 156 sequences in swissprot
Found 156 sequences in swissprot
++ grep '^>'
++ wc -l
+ numSeq=156
+ '[' 1 = 0 ']'
+ sed 's/^>/>query_sekvence|/'
+ cat /tmp/fileSDVqnh /tmp/fileoEhIAj
+ muscle -quiet -maxiters 4 -diags -sv -distance1 kbit20_3
+ awk -f sortMuscleOutput.awk
+ cd /home/rkrivak/conservation/conservation-workbench/conservation_code
+ python /home/rkrivak/conservation/conservation-workbench/conservation_code/score_conservation.py /tmp/file7GR5hm
+ gzip -9
+ rm /tmp/fileUKoiJl
+ rm /tmp/fileoEhIAj
+ rm /tmp/fileCRAhej
+ rm /tmp/fileSDVqnh
TIME: 1 min 22 s
DONE
