PROCESSING [/home/rkrivak/p2rank-data-dna/conservation/fasta_all/4Q0RA.pdb.gz.seq.fasta]
LOG: /home/rkrivak/p2rank-data-dna/conservation/e5i1/log/4Q0RA.pdb.gz.seq.fasta.log
+ source local-setenv.sh
++ PSIBLAST_DIR=/home/rkrivak/conservation/conservation-workbench/ncbi-blast/bin
++ CDHIT_DIR=/home/rkrivak/conservation/conservation-workbench/cd-hit
++ MUSCLE_DIR=/home/rkrivak/conservation/conservation-workbench
++ JSD_DIR=/home/rkrivak/conservation/conservation-workbench/conservation_code
++ PYTHON_CMD=python
++ BLASTDB_DIR=/mnt/ramdisk/blastdb
++ PSIBLAST_THREADS=4
++ export PATH=/home/rkrivak/conservation/conservation-workbench/ncbi-blast/bin:/home/rkrivak/conservation/conservation-workbench/cd-hit:/home/rkrivak/conservation/conservation-workbench:/home/rkrivak/bin:/home/rkrivak/.local/bin:/usr/local/sbin:/usr/local/bin:/usr/sbin:/usr/bin:/sbin:/bin:/usr/games:/usr/local/games:/snap/bin:/usr/lib/jvm/java-8-oracle/bin:/usr/lib/jvm/java-8-oracle/db/bin:/usr/lib/jvm/java-8-oracle/jre/bin
++ PATH=/home/rkrivak/conservation/conservation-workbench/ncbi-blast/bin:/home/rkrivak/conservation/conservation-workbench/cd-hit:/home/rkrivak/conservation/conservation-workbench:/home/rkrivak/bin:/home/rkrivak/.local/bin:/usr/local/sbin:/usr/local/bin:/usr/sbin:/usr/bin:/sbin:/bin:/usr/games:/usr/local/games:/snap/bin:/usr/lib/jvm/java-8-oracle/bin:/usr/lib/jvm/java-8-oracle/db/bin:/usr/lib/jvm/java-8-oracle/jre/bin
++ export JSD_DIR=/home/rkrivak/conservation/conservation-workbench/conservation_code
++ JSD_DIR=/home/rkrivak/conservation/conservation-workbench/conservation_code
++ export BLASTDB=/mnt/ramdisk/blastdb
++ BLASTDB=/mnt/ramdisk/blastdb
++ export PYTHON_CMD=python
++ PYTHON_CMD=python
++ export PSIBLAST_THREADS=4
++ PSIBLAST_THREADS=4
+ file=/home/rkrivak/p2rank-data-dna/conservation/fasta_all/4Q0RA.pdb.gz.seq.fasta
+ outdir=/home/rkrivak/p2rank-data-dna/conservation/e5i1
+ psiblast_evalue=0.00001
+ psiblast_iterations=1
+ mkdir -p /home/rkrivak/p2rank-data-dna/conservation/e5i1/alignments
+ mkdir -p /home/rkrivak/p2rank-data-dna/conservation/e5i1/scores
++ basename /home/rkrivak/p2rank-data-dna/conservation/fasta_all/4Q0RA.pdb.gz.seq.fasta
+ file_base=4Q0RA.pdb.gz.seq.fasta
+ alignments_file=/home/rkrivak/p2rank-data-dna/conservation/e5i1/alignments/4Q0RA.pdb.gz.seq.fasta.ali
+ scores_file=/home/rkrivak/p2rank-data-dna/conservation/e5i1/scores/4Q0RA.pdb.gz.seq.fasta.hom.gz
++ tempfile
+ blastResFile=/tmp/fileIoHie0
++ tempfile
+ blastSeq=/tmp/filesU2YWY
++ tempfile
+ modifiedInputFile=/tmp/file2yRMPY
++ tempfile
+ muscleResultFile=/tmp/fileJwPdIY
++ tempfile
+ conservationExtractorInput=/tmp/file2aqlL1
+ MUSCLE_OPTS='-quiet -maxiters 4 -diags -sv -distance1 kbit20_3'
+ search swissprot
+ db=swissprot
+ ./filter.awk
+ psiblast -db swissprot -outfmt '6 sallseqid qcovs pident' -evalue 0.00001 -num_threads 4 -num_iterations 1
+ tee /home/rkrivak/p2rank-data-dna/conservation/e5i1/alignments/4Q0RA.pdb.gz.seq.fasta.ali
+ blastdbcmd -db swissprot -entry_batch /tmp/fileIoHie0
+ cd-hit -i /tmp/filesU2YWY -o /tmp/fileIoHie0
================================================================
Program: CD-HIT, V4.7 (+OpenMP), Mar 23 2018, 15:56:04
Command: cd-hit -i /tmp/filesU2YWY -o /tmp/fileIoHie0

Started: Wed Aug 12 00:43:06 2020
================================================================
                            Output                              
----------------------------------------------------------------
total seq: 12
longest and shortest : 1479 and 641
Total letters: 13958
Sequences have been sorted

Approximated minimal memory consumption:
Sequence        : 0M
Buffer          : 1 X 10M = 10M
Table           : 1 X 65M = 65M
Miscellaneous   : 0M
Total           : 76M

Table limit with the given memory limit:
Max number of representatives: 562210
Max number of word counting entries: 90479268

comparing sequences from          0  to         12

       12  finished          7  clusters

Apprixmated maximum memory consumption: 76M
writing new database
writing clustering information
program completed !

Total CPU time 0.11
++ wc -l
++ grep '^>'
+ numSeq=7
+ echo Found 7 sequences in swissprot
Found 7 sequences in swissprot
++ wc -l
++ grep '^>'
+ numSeq=7
+ '[' 0 = 0 ']'
+ search uniref90
+ db=uniref90
+ psiblast -db uniref90 -outfmt '6 sallseqid qcovs pident' -evalue 0.00001 -num_threads 4 -num_iterations 1
+ tee /home/rkrivak/p2rank-data-dna/conservation/e5i1/alignments/4Q0RA.pdb.gz.seq.fasta.ali
+ ./filter.awk
+ blastdbcmd -db uniref90 -entry_batch /tmp/fileIoHie0
+ cd-hit -i /tmp/filesU2YWY -o /tmp/fileIoHie0
================================================================
Program: CD-HIT, V4.7 (+OpenMP), Mar 23 2018, 15:56:04
Command: cd-hit -i /tmp/filesU2YWY -o /tmp/fileIoHie0

Started: Wed Aug 12 00:53:59 2020
================================================================
                            Output                              
----------------------------------------------------------------
total seq: 913
longest and shortest : 2893 and 284
Total letters: 1098235
Sequences have been sorted

Approximated minimal memory consumption:
Sequence        : 1M
Buffer          : 1 X 11M = 11M
Table           : 1 X 65M = 65M
Miscellaneous   : 0M
Total           : 77M

Table limit with the given memory limit:
Max number of representatives: 549316
Max number of word counting entries: 90286610

comparing sequences from          0  to        913

      913  finished        455  clusters

Apprixmated maximum memory consumption: 82M
writing new database
writing clustering information
program completed !

Total CPU time 0.83
++ grep '^>'
++ wc -l
+ numSeq=455
+ echo Found 455 sequences in uniref90
Found 455 sequences in uniref90
+ sed 's/^>/>query_sekvence|/'
+ cat /tmp/fileIoHie0 /tmp/file2yRMPY
+ muscle -quiet -maxiters 4 -diags -sv -distance1 kbit20_3
+ awk -f sortMuscleOutput.awk
+ cd /home/rkrivak/conservation/conservation-workbench/conservation_code
+ python /home/rkrivak/conservation/conservation-workbench/conservation_code/score_conservation.py /tmp/file2aqlL1
+ gzip -9
+ rm /tmp/fileJwPdIY
+ rm /tmp/file2yRMPY
+ rm /tmp/filesU2YWY
+ rm /tmp/fileIoHie0
TIME: 1 hours 1 min 45 s
DONE
