PROCESSING [/home/rkrivak/p2rank-data-dna/conservation/fasta_all/5C8EF.pdb.gz.seq.fasta]
LOG: /home/rkrivak/p2rank-data-dna/conservation/e5i1/log/5C8EF.pdb.gz.seq.fasta.log
+ source local-setenv.sh
++ PSIBLAST_DIR=/home/rkrivak/conservation/conservation-workbench/ncbi-blast/bin
++ CDHIT_DIR=/home/rkrivak/conservation/conservation-workbench/cd-hit
++ MUSCLE_DIR=/home/rkrivak/conservation/conservation-workbench
++ JSD_DIR=/home/rkrivak/conservation/conservation-workbench/conservation_code
++ PYTHON_CMD=python
++ BLASTDB_DIR=/mnt/ramdisk/blastdb
++ PSIBLAST_THREADS=4
++ export PATH=/home/rkrivak/conservation/conservation-workbench/ncbi-blast/bin:/home/rkrivak/conservation/conservation-workbench/cd-hit:/home/rkrivak/conservation/conservation-workbench:/home/rkrivak/bin:/home/rkrivak/.local/bin:/usr/local/sbin:/usr/local/bin:/usr/sbin:/usr/bin:/sbin:/bin:/usr/games:/usr/local/games:/snap/bin:/usr/lib/jvm/java-8-oracle/bin:/usr/lib/jvm/java-8-oracle/db/bin:/usr/lib/jvm/java-8-oracle/jre/bin
++ PATH=/home/rkrivak/conservation/conservation-workbench/ncbi-blast/bin:/home/rkrivak/conservation/conservation-workbench/cd-hit:/home/rkrivak/conservation/conservation-workbench:/home/rkrivak/bin:/home/rkrivak/.local/bin:/usr/local/sbin:/usr/local/bin:/usr/sbin:/usr/bin:/sbin:/bin:/usr/games:/usr/local/games:/snap/bin:/usr/lib/jvm/java-8-oracle/bin:/usr/lib/jvm/java-8-oracle/db/bin:/usr/lib/jvm/java-8-oracle/jre/bin
++ export JSD_DIR=/home/rkrivak/conservation/conservation-workbench/conservation_code
++ JSD_DIR=/home/rkrivak/conservation/conservation-workbench/conservation_code
++ export BLASTDB=/mnt/ramdisk/blastdb
++ BLASTDB=/mnt/ramdisk/blastdb
++ export PYTHON_CMD=python
++ PYTHON_CMD=python
++ export PSIBLAST_THREADS=4
++ PSIBLAST_THREADS=4
+ file=/home/rkrivak/p2rank-data-dna/conservation/fasta_all/5C8EF.pdb.gz.seq.fasta
+ outdir=/home/rkrivak/p2rank-data-dna/conservation/e5i1
+ psiblast_evalue=0.00001
+ psiblast_iterations=1
+ mkdir -p /home/rkrivak/p2rank-data-dna/conservation/e5i1/alignments
+ mkdir -p /home/rkrivak/p2rank-data-dna/conservation/e5i1/scores
++ basename /home/rkrivak/p2rank-data-dna/conservation/fasta_all/5C8EF.pdb.gz.seq.fasta
+ file_base=5C8EF.pdb.gz.seq.fasta
+ alignments_file=/home/rkrivak/p2rank-data-dna/conservation/e5i1/alignments/5C8EF.pdb.gz.seq.fasta.ali
+ scores_file=/home/rkrivak/p2rank-data-dna/conservation/e5i1/scores/5C8EF.pdb.gz.seq.fasta.hom.gz
++ tempfile
+ blastResFile=/tmp/filet9Ddvg
++ tempfile
+ blastSeq=/tmp/file5TOX6j
++ tempfile
+ modifiedInputFile=/tmp/filevppvni
++ tempfile
+ muscleResultFile=/tmp/fileGe4CCm
++ tempfile
+ conservationExtractorInput=/tmp/filea99bCk
+ MUSCLE_OPTS='-quiet -maxiters 4 -diags -sv -distance1 kbit20_3'
+ search swissprot
+ db=swissprot
+ psiblast -db swissprot -outfmt '6 sallseqid qcovs pident' -evalue 0.00001 -num_threads 4 -num_iterations 1
+ tee /home/rkrivak/p2rank-data-dna/conservation/e5i1/alignments/5C8EF.pdb.gz.seq.fasta.ali
+ ./filter.awk
+ blastdbcmd -db swissprot -entry_batch /tmp/filet9Ddvg
+ cd-hit -i /tmp/file5TOX6j -o /tmp/filet9Ddvg
================================================================
Program: CD-HIT, V4.7 (+OpenMP), Mar 23 2018, 15:56:04
Command: cd-hit -i /tmp/file5TOX6j -o /tmp/filet9Ddvg

Started: Wed Aug 12 08:47:14 2020
================================================================
                            Output                              
----------------------------------------------------------------
total seq: 2
longest and shortest : 299 and 288
Total letters: 587
Sequences have been sorted

Approximated minimal memory consumption:
Sequence        : 0M
Buffer          : 1 X 10M = 10M
Table           : 1 X 65M = 65M
Miscellaneous   : 0M
Total           : 75M

Table limit with the given memory limit:
Max number of representatives: 1813429
Max number of word counting entries: 90512559

comparing sequences from          0  to          2

        2  finished          2  clusters

Apprixmated maximum memory consumption: 75M
writing new database
writing clustering information
program completed !

Total CPU time 0.11
++ wc -l
++ grep '^>'
+ numSeq=2
+ echo Found 2 sequences in swissprot
Found 2 sequences in swissprot
++ grep '^>'
++ wc -l
+ numSeq=2
+ '[' 0 = 0 ']'
+ search uniref90
+ db=uniref90
+ ./filter.awk
+ tee /home/rkrivak/p2rank-data-dna/conservation/e5i1/alignments/5C8EF.pdb.gz.seq.fasta.ali
+ psiblast -db uniref90 -outfmt '6 sallseqid qcovs pident' -evalue 0.00001 -num_threads 4 -num_iterations 1
+ blastdbcmd -db uniref90 -entry_batch /tmp/filet9Ddvg
+ cd-hit -i /tmp/file5TOX6j -o /tmp/filet9Ddvg
================================================================
Program: CD-HIT, V4.7 (+OpenMP), Mar 23 2018, 15:56:04
Command: cd-hit -i /tmp/file5TOX6j -o /tmp/filet9Ddvg

Started: Wed Aug 12 08:54:36 2020
================================================================
                            Output                              
----------------------------------------------------------------
total seq: 287
longest and shortest : 451 and 263
Total letters: 87930
Sequences have been sorted

Approximated minimal memory consumption:
Sequence        : 0M
Buffer          : 1 X 10M = 10M
Table           : 1 X 65M = 65M
Miscellaneous   : 0M
Total           : 76M

Table limit with the given memory limit:
Max number of representatives: 1789910
Max number of word counting entries: 90491395

comparing sequences from          0  to        287

      287  finished        285  clusters

Apprixmated maximum memory consumption: 76M
writing new database
writing clustering information
program completed !

Total CPU time 0.14
++ grep '^>'
++ wc -l
+ numSeq=285
+ echo Found 285 sequences in uniref90
Found 285 sequences in uniref90
+ sed 's/^>/>query_sekvence|/'
+ cat /tmp/filet9Ddvg /tmp/filevppvni
+ muscle -quiet -maxiters 4 -diags -sv -distance1 kbit20_3
+ awk -f sortMuscleOutput.awk
+ cd /home/rkrivak/conservation/conservation-workbench/conservation_code
+ gzip -9
+ python /home/rkrivak/conservation/conservation-workbench/conservation_code/score_conservation.py /tmp/filea99bCk
+ rm /tmp/fileGe4CCm
+ rm /tmp/filevppvni
+ rm /tmp/file5TOX6j
+ rm /tmp/filet9Ddvg
TIME: 9 min 3 s
DONE
