PROCESSING [/home/rkrivak/p2rank-data-dna/conservation/fasta_all/5ED4B.pdb.gz.seq.fasta]
LOG: /home/rkrivak/p2rank-data-dna/conservation/e5i1/log/5ED4B.pdb.gz.seq.fasta.log
+ source local-setenv.sh
++ PSIBLAST_DIR=/home/rkrivak/conservation/conservation-workbench/ncbi-blast/bin
++ CDHIT_DIR=/home/rkrivak/conservation/conservation-workbench/cd-hit
++ MUSCLE_DIR=/home/rkrivak/conservation/conservation-workbench
++ JSD_DIR=/home/rkrivak/conservation/conservation-workbench/conservation_code
++ PYTHON_CMD=python
++ BLASTDB_DIR=/mnt/ramdisk/blastdb
++ PSIBLAST_THREADS=4
++ export PATH=/home/rkrivak/conservation/conservation-workbench/ncbi-blast/bin:/home/rkrivak/conservation/conservation-workbench/cd-hit:/home/rkrivak/conservation/conservation-workbench:/home/rkrivak/bin:/home/rkrivak/.local/bin:/usr/local/sbin:/usr/local/bin:/usr/sbin:/usr/bin:/sbin:/bin:/usr/games:/usr/local/games:/snap/bin:/usr/lib/jvm/java-8-oracle/bin:/usr/lib/jvm/java-8-oracle/db/bin:/usr/lib/jvm/java-8-oracle/jre/bin
++ PATH=/home/rkrivak/conservation/conservation-workbench/ncbi-blast/bin:/home/rkrivak/conservation/conservation-workbench/cd-hit:/home/rkrivak/conservation/conservation-workbench:/home/rkrivak/bin:/home/rkrivak/.local/bin:/usr/local/sbin:/usr/local/bin:/usr/sbin:/usr/bin:/sbin:/bin:/usr/games:/usr/local/games:/snap/bin:/usr/lib/jvm/java-8-oracle/bin:/usr/lib/jvm/java-8-oracle/db/bin:/usr/lib/jvm/java-8-oracle/jre/bin
++ export JSD_DIR=/home/rkrivak/conservation/conservation-workbench/conservation_code
++ JSD_DIR=/home/rkrivak/conservation/conservation-workbench/conservation_code
++ export BLASTDB=/mnt/ramdisk/blastdb
++ BLASTDB=/mnt/ramdisk/blastdb
++ export PYTHON_CMD=python
++ PYTHON_CMD=python
++ export PSIBLAST_THREADS=4
++ PSIBLAST_THREADS=4
+ file=/home/rkrivak/p2rank-data-dna/conservation/fasta_all/5ED4B.pdb.gz.seq.fasta
+ outdir=/home/rkrivak/p2rank-data-dna/conservation/e5i1
+ psiblast_evalue=0.00001
+ psiblast_iterations=1
+ mkdir -p /home/rkrivak/p2rank-data-dna/conservation/e5i1/alignments
+ mkdir -p /home/rkrivak/p2rank-data-dna/conservation/e5i1/scores
++ basename /home/rkrivak/p2rank-data-dna/conservation/fasta_all/5ED4B.pdb.gz.seq.fasta
+ file_base=5ED4B.pdb.gz.seq.fasta
+ alignments_file=/home/rkrivak/p2rank-data-dna/conservation/e5i1/alignments/5ED4B.pdb.gz.seq.fasta.ali
+ scores_file=/home/rkrivak/p2rank-data-dna/conservation/e5i1/scores/5ED4B.pdb.gz.seq.fasta.hom.gz
++ tempfile
+ blastResFile=/tmp/filey4AhkY
++ tempfile
+ blastSeq=/tmp/fileUBzhh2
++ tempfile
+ modifiedInputFile=/tmp/file30XMv0
++ tempfile
+ muscleResultFile=/tmp/fileWB27o4
++ tempfile
+ conservationExtractorInput=/tmp/fileXyy5L4
+ MUSCLE_OPTS='-quiet -maxiters 4 -diags -sv -distance1 kbit20_3'
+ search swissprot
+ db=swissprot
+ ./filter.awk
+ tee /home/rkrivak/p2rank-data-dna/conservation/e5i1/alignments/5ED4B.pdb.gz.seq.fasta.ali
+ psiblast -db swissprot -outfmt '6 sallseqid qcovs pident' -evalue 0.00001 -num_threads 4 -num_iterations 1
+ blastdbcmd -db swissprot -entry_batch /tmp/filey4AhkY
+ cd-hit -i /tmp/fileUBzhh2 -o /tmp/filey4AhkY
================================================================
Program: CD-HIT, V4.7 (+OpenMP), Mar 23 2018, 15:56:04
Command: cd-hit -i /tmp/fileUBzhh2 -o /tmp/filey4AhkY

Started: Wed Aug 12 03:19:27 2020
================================================================
                            Output                              
----------------------------------------------------------------
total seq: 211
longest and shortest : 651 and 198
Total letters: 49487
Sequences have been sorted

Approximated minimal memory consumption:
Sequence        : 0M
Buffer          : 1 X 10M = 10M
Table           : 1 X 65M = 65M
Miscellaneous   : 0M
Total           : 76M

Table limit with the given memory limit:
Max number of representatives: 2196088
Max number of word counting entries: 90492861

comparing sequences from          0  to        211

      211  finished         79  clusters

Apprixmated maximum memory consumption: 76M
writing new database
writing clustering information
program completed !

Total CPU time 0.12
++ grep '^>'
++ wc -l
+ numSeq=79
+ echo Found 79 sequences in swissprot
Found 79 sequences in swissprot
++ wc -l
++ grep '^>'
+ numSeq=79
+ '[' 1 = 0 ']'
+ sed 's/^>/>query_sekvence|/'
+ cat /tmp/filey4AhkY /tmp/file30XMv0
+ muscle -quiet -maxiters 4 -diags -sv -distance1 kbit20_3
+ awk -f sortMuscleOutput.awk
+ cd /home/rkrivak/conservation/conservation-workbench/conservation_code
+ gzip -9
+ python /home/rkrivak/conservation/conservation-workbench/conservation_code/score_conservation.py /tmp/fileXyy5L4
+ rm /tmp/fileWB27o4
+ rm /tmp/file30XMv0
+ rm /tmp/fileUBzhh2
+ rm /tmp/filey4AhkY
TIME: 18 s
DONE
