PROCESSING [/home/rkrivak/p2rank-data-dna/conservation/fasta_all/5J2YA.pdb.gz.seq.fasta]
LOG: /home/rkrivak/p2rank-data-dna/conservation/e5i1/log/5J2YA.pdb.gz.seq.fasta.log
+ source local-setenv.sh
++ PSIBLAST_DIR=/home/rkrivak/conservation/conservation-workbench/ncbi-blast/bin
++ CDHIT_DIR=/home/rkrivak/conservation/conservation-workbench/cd-hit
++ MUSCLE_DIR=/home/rkrivak/conservation/conservation-workbench
++ JSD_DIR=/home/rkrivak/conservation/conservation-workbench/conservation_code
++ PYTHON_CMD=python
++ BLASTDB_DIR=/mnt/ramdisk/blastdb
++ PSIBLAST_THREADS=4
++ export PATH=/home/rkrivak/conservation/conservation-workbench/ncbi-blast/bin:/home/rkrivak/conservation/conservation-workbench/cd-hit:/home/rkrivak/conservation/conservation-workbench:/home/rkrivak/bin:/home/rkrivak/.local/bin:/usr/local/sbin:/usr/local/bin:/usr/sbin:/usr/bin:/sbin:/bin:/usr/games:/usr/local/games:/snap/bin:/usr/lib/jvm/java-8-oracle/bin:/usr/lib/jvm/java-8-oracle/db/bin:/usr/lib/jvm/java-8-oracle/jre/bin
++ PATH=/home/rkrivak/conservation/conservation-workbench/ncbi-blast/bin:/home/rkrivak/conservation/conservation-workbench/cd-hit:/home/rkrivak/conservation/conservation-workbench:/home/rkrivak/bin:/home/rkrivak/.local/bin:/usr/local/sbin:/usr/local/bin:/usr/sbin:/usr/bin:/sbin:/bin:/usr/games:/usr/local/games:/snap/bin:/usr/lib/jvm/java-8-oracle/bin:/usr/lib/jvm/java-8-oracle/db/bin:/usr/lib/jvm/java-8-oracle/jre/bin
++ export JSD_DIR=/home/rkrivak/conservation/conservation-workbench/conservation_code
++ JSD_DIR=/home/rkrivak/conservation/conservation-workbench/conservation_code
++ export BLASTDB=/mnt/ramdisk/blastdb
++ BLASTDB=/mnt/ramdisk/blastdb
++ export PYTHON_CMD=python
++ PYTHON_CMD=python
++ export PSIBLAST_THREADS=4
++ PSIBLAST_THREADS=4
+ file=/home/rkrivak/p2rank-data-dna/conservation/fasta_all/5J2YA.pdb.gz.seq.fasta
+ outdir=/home/rkrivak/p2rank-data-dna/conservation/e5i1
+ psiblast_evalue=0.00001
+ psiblast_iterations=1
+ mkdir -p /home/rkrivak/p2rank-data-dna/conservation/e5i1/alignments
+ mkdir -p /home/rkrivak/p2rank-data-dna/conservation/e5i1/scores
++ basename /home/rkrivak/p2rank-data-dna/conservation/fasta_all/5J2YA.pdb.gz.seq.fasta
+ file_base=5J2YA.pdb.gz.seq.fasta
+ alignments_file=/home/rkrivak/p2rank-data-dna/conservation/e5i1/alignments/5J2YA.pdb.gz.seq.fasta.ali
+ scores_file=/home/rkrivak/p2rank-data-dna/conservation/e5i1/scores/5J2YA.pdb.gz.seq.fasta.hom.gz
++ tempfile
+ blastResFile=/tmp/file7sQ1XK
++ tempfile
+ blastSeq=/tmp/filejgYUSK
++ tempfile
+ modifiedInputFile=/tmp/fileGmLtxO
++ tempfile
+ muscleResultFile=/tmp/filenQnTrO
++ tempfile
+ conservationExtractorInput=/tmp/fileKQkwvQ
+ MUSCLE_OPTS='-quiet -maxiters 4 -diags -sv -distance1 kbit20_3'
+ search swissprot
+ db=swissprot
+ ./filter.awk
+ tee /home/rkrivak/p2rank-data-dna/conservation/e5i1/alignments/5J2YA.pdb.gz.seq.fasta.ali
+ psiblast -db swissprot -outfmt '6 sallseqid qcovs pident' -evalue 0.00001 -num_threads 4 -num_iterations 1
+ blastdbcmd -db swissprot -entry_batch /tmp/file7sQ1XK
+ cd-hit -i /tmp/filejgYUSK -o /tmp/file7sQ1XK
================================================================
Program: CD-HIT, V4.7 (+OpenMP), Mar 23 2018, 15:56:04
Command: cd-hit -i /tmp/filejgYUSK -o /tmp/file7sQ1XK

Started: Wed Aug 12 02:20:22 2020
================================================================
                            Output                              
----------------------------------------------------------------
total seq: 0
longest and shortest : 0 and 18446744073709551615
Total letters: 0
Sequences have been sorted

Approximated minimal memory consumption:
Sequence        : 0M
Buffer          : 1 X 10M = 10M
Table           : 1 X 65M = 65M
Miscellaneous   : 0M
Total           : 75M

Table limit with the given memory limit:
Max number of representatives: 4000000
Max number of word counting entries: 90520634


        0  finished          0  clusters

Apprixmated maximum memory consumption: 75M
writing new database
writing clustering information
program completed !

Total CPU time 0.08
++ grep '^>'
++ wc -l
+ numSeq=0
+ echo Found 0 sequences in swissprot
Found 0 sequences in swissprot
++ wc -l
++ grep '^>'
+ numSeq=0
+ '[' 0 = 0 ']'
+ search uniref90
+ db=uniref90
+ ./filter.awk
+ tee /home/rkrivak/p2rank-data-dna/conservation/e5i1/alignments/5J2YA.pdb.gz.seq.fasta.ali
+ psiblast -db uniref90 -outfmt '6 sallseqid qcovs pident' -evalue 0.00001 -num_threads 4 -num_iterations 1
+ blastdbcmd -db uniref90 -entry_batch /tmp/file7sQ1XK
+ cd-hit -i /tmp/filejgYUSK -o /tmp/file7sQ1XK
================================================================
Program: CD-HIT, V4.7 (+OpenMP), Mar 23 2018, 15:56:04
Command: cd-hit -i /tmp/filejgYUSK -o /tmp/file7sQ1XK

Started: Wed Aug 12 02:22:59 2020
================================================================
                            Output                              
----------------------------------------------------------------
total seq: 18
longest and shortest : 111 and 75
Total letters: 1611
Sequences have been sorted

Approximated minimal memory consumption:
Sequence        : 0M
Buffer          : 1 X 10M = 10M
Table           : 1 X 65M = 65M
Miscellaneous   : 0M
Total           : 75M

Table limit with the given memory limit:
Max number of representatives: 3829162
Max number of word counting entries: 90517086

comparing sequences from          0  to         18

       18  finished         16  clusters

Apprixmated maximum memory consumption: 75M
writing new database
writing clustering information
program completed !

Total CPU time 0.09
++ grep '^>'
++ wc -l
+ numSeq=16
+ echo Found 16 sequences in uniref90
Found 16 sequences in uniref90
+ sed 's/^>/>query_sekvence|/'
+ muscle -quiet -maxiters 4 -diags -sv -distance1 kbit20_3
+ cat /tmp/file7sQ1XK /tmp/fileGmLtxO
+ awk -f sortMuscleOutput.awk
+ cd /home/rkrivak/conservation/conservation-workbench/conservation_code
+ gzip -9
+ python /home/rkrivak/conservation/conservation-workbench/conservation_code/score_conservation.py /tmp/fileKQkwvQ
+ rm /tmp/filenQnTrO
+ rm /tmp/fileGmLtxO
+ rm /tmp/filejgYUSK
+ rm /tmp/file7sQ1XK
TIME: 2 min 39 s
DONE
