PROCESSING [/home/rkrivak/p2rank-data-dna/conservation/fasta_all/6ASBL.pdb.gz.seq.fasta]
LOG: /home/rkrivak/p2rank-data-dna/conservation/e5i1/log/6ASBL.pdb.gz.seq.fasta.log
+ source local-setenv.sh
++ PSIBLAST_DIR=/home/rkrivak/conservation/conservation-workbench/ncbi-blast/bin
++ CDHIT_DIR=/home/rkrivak/conservation/conservation-workbench/cd-hit
++ MUSCLE_DIR=/home/rkrivak/conservation/conservation-workbench
++ JSD_DIR=/home/rkrivak/conservation/conservation-workbench/conservation_code
++ PYTHON_CMD=python
++ BLASTDB_DIR=/mnt/ramdisk/blastdb
++ PSIBLAST_THREADS=4
++ export PATH=/home/rkrivak/conservation/conservation-workbench/ncbi-blast/bin:/home/rkrivak/conservation/conservation-workbench/cd-hit:/home/rkrivak/conservation/conservation-workbench:/home/rkrivak/bin:/home/rkrivak/.local/bin:/usr/local/sbin:/usr/local/bin:/usr/sbin:/usr/bin:/sbin:/bin:/usr/games:/usr/local/games:/snap/bin:/usr/lib/jvm/java-8-oracle/bin:/usr/lib/jvm/java-8-oracle/db/bin:/usr/lib/jvm/java-8-oracle/jre/bin
++ PATH=/home/rkrivak/conservation/conservation-workbench/ncbi-blast/bin:/home/rkrivak/conservation/conservation-workbench/cd-hit:/home/rkrivak/conservation/conservation-workbench:/home/rkrivak/bin:/home/rkrivak/.local/bin:/usr/local/sbin:/usr/local/bin:/usr/sbin:/usr/bin:/sbin:/bin:/usr/games:/usr/local/games:/snap/bin:/usr/lib/jvm/java-8-oracle/bin:/usr/lib/jvm/java-8-oracle/db/bin:/usr/lib/jvm/java-8-oracle/jre/bin
++ export JSD_DIR=/home/rkrivak/conservation/conservation-workbench/conservation_code
++ JSD_DIR=/home/rkrivak/conservation/conservation-workbench/conservation_code
++ export BLASTDB=/mnt/ramdisk/blastdb
++ BLASTDB=/mnt/ramdisk/blastdb
++ export PYTHON_CMD=python
++ PYTHON_CMD=python
++ export PSIBLAST_THREADS=4
++ PSIBLAST_THREADS=4
+ file=/home/rkrivak/p2rank-data-dna/conservation/fasta_all/6ASBL.pdb.gz.seq.fasta
+ outdir=/home/rkrivak/p2rank-data-dna/conservation/e5i1
+ psiblast_evalue=0.00001
+ psiblast_iterations=1
+ mkdir -p /home/rkrivak/p2rank-data-dna/conservation/e5i1/alignments
+ mkdir -p /home/rkrivak/p2rank-data-dna/conservation/e5i1/scores
++ basename /home/rkrivak/p2rank-data-dna/conservation/fasta_all/6ASBL.pdb.gz.seq.fasta
+ file_base=6ASBL.pdb.gz.seq.fasta
+ alignments_file=/home/rkrivak/p2rank-data-dna/conservation/e5i1/alignments/6ASBL.pdb.gz.seq.fasta.ali
+ scores_file=/home/rkrivak/p2rank-data-dna/conservation/e5i1/scores/6ASBL.pdb.gz.seq.fasta.hom.gz
++ tempfile
+ blastResFile=/tmp/fileZtfM2L
++ tempfile
+ blastSeq=/tmp/fileq55D2J
++ tempfile
+ modifiedInputFile=/tmp/file2ND0lN
++ tempfile
+ muscleResultFile=/tmp/filefGZe7M
++ tempfile
+ conservationExtractorInput=/tmp/fileL5WSrQ
+ MUSCLE_OPTS='-quiet -maxiters 4 -diags -sv -distance1 kbit20_3'
+ search swissprot
+ db=swissprot
+ psiblast -db swissprot -outfmt '6 sallseqid qcovs pident' -evalue 0.00001 -num_threads 4 -num_iterations 1
+ ./filter.awk
+ tee /home/rkrivak/p2rank-data-dna/conservation/e5i1/alignments/6ASBL.pdb.gz.seq.fasta.ali
+ blastdbcmd -db swissprot -entry_batch /tmp/fileZtfM2L
+ cd-hit -i /tmp/fileq55D2J -o /tmp/fileZtfM2L
================================================================
Program: CD-HIT, V4.7 (+OpenMP), Mar 23 2018, 15:56:04
Command: cd-hit -i /tmp/fileq55D2J -o /tmp/fileZtfM2L

Started: Wed Aug 12 03:55:23 2020
================================================================
                            Output                              
----------------------------------------------------------------
total seq: 9
longest and shortest : 1345 and 674
Total letters: 10086
Sequences have been sorted

Approximated minimal memory consumption:
Sequence        : 0M
Buffer          : 1 X 10M = 10M
Table           : 1 X 65M = 65M
Miscellaneous   : 0M
Total           : 76M

Table limit with the given memory limit:
Max number of representatives: 532120
Max number of word counting entries: 90483380

comparing sequences from          0  to          9

        9  finished          6  clusters

Apprixmated maximum memory consumption: 76M
writing new database
writing clustering information
program completed !

Total CPU time 0.11
++ grep '^>'
++ wc -l
+ numSeq=6
+ echo Found 6 sequences in swissprot
Found 6 sequences in swissprot
++ grep '^>'
++ wc -l
+ numSeq=6
+ '[' 0 = 0 ']'
+ search uniref90
+ db=uniref90
+ ./filter.awk
+ tee /home/rkrivak/p2rank-data-dna/conservation/e5i1/alignments/6ASBL.pdb.gz.seq.fasta.ali
+ psiblast -db uniref90 -outfmt '6 sallseqid qcovs pident' -evalue 0.00001 -num_threads 4 -num_iterations 1
+ blastdbcmd -db uniref90 -entry_batch /tmp/fileZtfM2L
+ cd-hit -i /tmp/fileq55D2J -o /tmp/fileZtfM2L
================================================================
Program: CD-HIT, V4.7 (+OpenMP), Mar 23 2018, 15:56:04
Command: cd-hit -i /tmp/fileq55D2J -o /tmp/fileZtfM2L

Started: Wed Aug 12 03:58:44 2020
================================================================
                            Output                              
----------------------------------------------------------------
total seq: 478
longest and shortest : 1890 and 117
Total letters: 489396
Sequences have been sorted

Approximated minimal memory consumption:
Sequence        : 0M
Buffer          : 1 X 10M = 10M
Table           : 1 X 65M = 65M
Miscellaneous   : 0M
Total           : 76M

Table limit with the given memory limit:
Max number of representatives: 555066
Max number of word counting entries: 90398750

comparing sequences from          0  to        478

      478  finished        406  clusters

Apprixmated maximum memory consumption: 80M
writing new database
writing clustering information
program completed !

Total CPU time 0.69
++ grep '^>'
++ wc -l
+ numSeq=406
+ echo Found 406 sequences in uniref90
Found 406 sequences in uniref90
+ sed 's/^>/>query_sekvence|/'
+ cat /tmp/fileZtfM2L /tmp/file2ND0lN
+ muscle -quiet -maxiters 4 -diags -sv -distance1 kbit20_3
+ awk -f sortMuscleOutput.awk
+ cd /home/rkrivak/conservation/conservation-workbench/conservation_code
+ gzip -9
+ python /home/rkrivak/conservation/conservation-workbench/conservation_code/score_conservation.py /tmp/fileL5WSrQ
+ rm /tmp/filefGZe7M
+ rm /tmp/file2ND0lN
+ rm /tmp/fileq55D2J
+ rm /tmp/fileZtfM2L
TIME: 52 min 38 s
DONE
